1342 - M:-14.82,0.91,-8.37
1351 - A:2.16,-5.42,-9.89
1351 - G:-0.05,-0.01,-0.01
1351 - t:23.41
1362 - T:22.06
1362 - P:102269.00
1405 - R: 44122d274fe41bf96f94dd13c1fb197e1a21a49ac636d8291e3529ec475ccf
1441 - M:-14.55,1.18,-8.67
1445 - A:2.17,-5.44,-9.86
1445 - G:-0.05,-0.01,-0.01
1445 - t:23.42
1461 - T:22.07
1461 - P:102269.00
1541 - M:-14.82,1.09,-8.67
1545 - A:2.17,-5.45,-9.86
1545 - G:-0.05,-0.01,-0.01
1545 - t:23.42
1560 - T:22.09
1560 - P:102270.00
1641 - M:-14.73,1.18,-8.57
1644 - A:2.17,-5.43,-9.87
1645 - G:-0.05,-0.01,-0.01
1645 - t:23.43
1661 - T:22.10
1661 - P:102269.00
1741 - M:-14.91,1.09,-8.47
1745 - A:2.17,-5.44,-9.88
1745 - G:-0.05,-0.01,-0.01
1745 - t:23.44
1759 - T:22.11
1759 - P:102266.00
1841 - M:-0.09,-0.09,-0.10
1844 - A:2.16,-5.42,-9.86
1844 - G:-0.06,-0.01,-0.01
1844 - t:23.48
1860 - T:22.11
1860 - P:102268.00
1885 - R: 9dd0751b496f5bb25eeeaf1b8b7a72c391de5a0a954e577e5109b75fe507d
1941 - M:-15.09,1.09,-8.67
1945 - A:2.17,-5.43,-9.85
1945 - G:-0.05,-0.01,-0.01
1945 - t:23.45
1961 - T:22.12
1961 - P:102269.00
2041 - M:-14.91,0.82,-8.37
2044 - A:2.15,-5.44,-9.86
2045 - G:-0.05,-0.01,-0.01
2045 - t:23.45
2061 - T:22.12
2061 - P:102268.00
2141 - M:-14.91,1.00,-8.57
2144 - A:2.18,-5.41,-9.85
2145 - G:-0.05,-0.01,-0.01
2145 - t:23.46
2161 - T:22.12
2161 - P:102269.00
2241 - M:-14.82,1.18,-8.47
2244 - A:2.16,-5.43,-9.89
2245 - G:-0.05,-0.01,-0.01
2245 - t:23.47
2261 - T:22.13
2261 - P:102270.00
2341 - M:-14.82,0.91,-8.57
2344 - A:2.17,-5.44,-9.85
2345 - G:-0.06,-0.01,-0.01
2345 - t:23.49
2361 - T:22.13
2361 - P:102268.00
2424 - R: a207147244228cef12ddabbfbe8b9f4fceb2ad4d5ae1c6951110925b137f69
2441 - M:-14.91,1.00,-8.67
2445 - A:2.15,-5.44,-9.90
2445 - G:-0.05,-0.01,-0.01
2445 - t:23.48
2461 - T:22.13
2461 - P:102270.00
2541 - M:-14.82,1.09,-8.67
2545 - A:2.16,-5.44,-9.88
2545 - G:-0.05,-0.01,-0.01
2545 - t:23.48
2559 - T:22.13
2559 - P:102269.00
2641 - M:-14.82,1.09,-8.67
2644 - A:2.16,-5.43,-9.86
2644 - G:-0.05,-0.01,-0.01
2645 - t:23.47
2661 - T:22.13
2661 - P:102269.00
2741 - M:-14.91,1.00,-8.78
2744 - A:2.16,-5.43,-9.86
2745 - G:-0.09,-0.02,-0.01
2745 - t:23.50
2761 - T:22.14
2761 - P:102267.00
2841 - M:-14.91,0.91,-8.47
2845 - A:2.06,-5.50,-10.02
2845 - G:-0.09,-0.01,-0.01
2845 - t:23.49
2861 - T:22.13
2861 - P:102270.00
2904 - R: bbb1b6583905c6e24fed17a8a68d5a6916cf4dc65a6adfb3fb11a55f3db631
2941 - M:-14.64,0.73,-8.16
2945 - A:2.32,-5.14,-9.93
2945 - G:0.29,0.05,0.03
2945 - t:23.46
2961 - T:22.14
2961 - P:102268.00
3041 - M:-14.91,0.82,-8.57
3045 - A:2.28,-5.51,-9.67
3045 - G:-0.06,-0.03,-0.02
3045 - t:23.49
3059 - T:22.14
3059 - P:102268.00
3141 - M:-14.82,0.73,-8.37
3144 - A:1.90,-5.84,-9.95
3145 - G:-0.04,-0.02,-0.00
3145 - t:23.51
3161 - T:22.14
3161 - P:102268.00
3241 - M:-14.73,0.73,-8.67
3244 - A:2.21,-5.36,-9.83
3245 - G:-0.03,-0.00,0.00
3245 - t:23.52
3261 - T:22.14
3261 - P:102267.00
3341 - M:-14.73,0.64,-8.16
3344 - A:2.24,-5.27,-9.90
3344 - G:-0.12,-0.02,-0.00
3345 - t:23.52
3361 - T:22.14
3361 - P:102269.00
3404 - R: 3d88ee455036c185753511d9aa78ce708e324004ddf8ab62d73963f227050
3441 - M:-14.73,0.64,-7.86
3445 - A:2.17,-5.51,-9.76
3445 - G:-0.02,-0.01,0.02
3445 - t:23.52
3461 - T:22.14
3461 - P:102270.00
3541 - M:-14.45,0.82,-8.06
3544 - A:2.08,-5.37,-9.95
3544 - G:-0.11,-0.02,-0.00
3545 - t:23.51
3561 - T:22.14
3561 - P:102267.00
3641 - M:-14.55,0.91,-7.86
3644 - A:2.26,-5.30,-9.85
3644 - G:-0.11,-0.02,0.02
3645 - t:23.53
3661 - T:22.15
3661 - P:102268.00
3741 - M:-14.00,1.00,-7.86
3744 - A:1.89,-5.51,-9.78
3744 - G:-0.13,-0.02,0.01
3745 - t:23.53
3761 - T:22.15
3761 - P:102264.00
3841 - M:-14.00,0.82,-7.35
3845 - A:2.12,-5.17,-10.19
3845 - G:-0.16,-0.04,-0.03
3845 - t:23.51
3861 - T:22.15
3861 - P:102270.00
3904 - R: df89251719ce79a228e84642c73eceec19bc1b34e7d9dc999256ab52868f8ea
3941 - M:-13.82,1.00,-7.76
3945 - A:2.17,-5.21,-10.14
3945 - G:-0.12,-0.03,-0.03
3945 - t:23.52
3961 - T:22.15
3961 - P:102266.00
4041 - M:-14.64,0.73,-7.65
4045 - A:2.04,-5.41,-9.84
4045 - G:0.12,0.03,0.00
4045 - t:23.51
4061 - T:22.15
4061 - P:102268.00
4141 - M:-14.82,0.91,-7.76
4145 - A:2.17,-5.29,-9.96
4145 - G:0.01,0.01,-0.01
4145 - t:23.53
4160 - T:22.15
4160 - P:102268.00
4241 - M:-15.18,0.82,-8.16
4244 - A:2.34,-5.05,-10.66
4244 - G:0.67,0.18,0.09
4244 - t:23.54
4261 - T:22.15
4261 - P:102268.00
4341 - M:-14.91,0.64,-8.27
4344 - A:2.23,-5.34,-10.23
4344 - G:-0.10,-0.04,-0.01
4344 - t:23.51
4361 - T:22.15
4361 - P:102268.00
4403 - R: c658b353cb6a649e7d9d592e72a4f030f4e98e2684a7c3b68a6681b09c79d3af
4441 - M:-0.09,-0.09,-0.10
4444 - A:2.19,-5.37,-9.88
4444 - G:-0.03,-0.01,-0.00
4444 - t:23.53
4461 - T:22.15
4461 - P:102266.00
4541 - M:-15.00,0.55,-7.86
4544 - A:2.23,-5.28,-9.83
4544 - G:-0.02,-0.02,0.00
4544 - t:23.52
4561 - T:22.15
4561 - P:102266.00
4641 - M:-14.91,0.73,-8.27
4644 - A:2.45,-5.73,-9.77
4644 - G:1.89,-0.11,0.22
4644 - t:23.53
4660 - T:22.16
4660 - P:102268.00
4741 - M:-14.45,0.73,-10.10
4744 - A:2.13,-6.70,-8.28
4744 - G:-0.01,-0.26,-0.35
4744 - t:23.53
4761 - T:22.16
4761 - P:102268.00
4841 - M:-9.00,5.82,-14.49
4844 - A:2.08,-7.27,-13.41
4845 - G:2.79,-1.74,-0.45
4845 - t:23.55
4861 - T:22.16
4861 - P:102269.00
4903 - R: ab8846dadec5759852b2c3615135e2c64f4168dbe567ce17c1f798af1ccff59
4941 - M:-11.18,2.27,-16.02
4945 - A:1.14,-8.19,-7.25
4945 - G:1.34,-0.18,0.47
4945 - t:23.57
4961 - T:22.16
4961 - P:102268.00
5041 - M:-10.82,1.91,-17.24
5044 - A:0.48,-8.85,-6.71
5045 - G:1.03,-0.59,0.51
5045 - t:23.58
5061 - T:22.16
5061 - P:102268.00
5141 - M:-10.36,1.45,-18.37
5144 - A:-0.72,-6.71,-5.45
5144 - G:1.71,-2.14,-1.31
5145 - t:23.57
5161 - T:22.17
5161 - P:102266.00
5241 - M:-12.18,-0.45,-17.76
5244 - A:0.48,-10.27,-4.72
5245 - G:0.79,-0.22,0.06
5245 - t:23.59
5261 - T:22.17
5261 - P:102267.00
5341 - M:-11.36,0.82,-18.06
5344 - A:0.40,-10.53,-2.80
5344 - G:2.09,-0.69,-0.40
5345 - t:23.58
5361 - T:22.17
5361 - P:102268.00
5403 - R: 6856f1a5b24d9f8a675fb0fc4e23a8a36ed0cb8d745990f8f281b5279e555b
5441 - M:-11.18,3.18,-20.61
5445 - A:-0.25,-10.18,-0.49
5445 - G:2.42,-0.10,0.10
5445 - t:23.56
5461 - T:22.17
5461 - P:102269.00
5541 - M:-11.82,2.27,-23.57
5544 - A:0.68,-9.06,1.80
5544 - G:2.70,-1.00,0.19
5545 - t:23.57
5561 - T:22.18
5561 - P:102266.00
5641 - M:-15.00,-2.09,-27.96
5644 - A:1.46,-8.00,3.74
5645 - G:2.20,-0.97,0.39
5645 - t:23.57
5661 - T:22.18
5661 - P:102266.00
5741 - M:-16.36,-4.18,-28.98
5744 - A:1.10,-6.36,4.79
5744 - G:1.19,-0.29,0.47
5745 - t:23.59
5761 - T:22.18
5761 - P:102268.00
5841 - M:-15.82,-7.73,-31.02
5845 - A:1.09,-5.95,6.00
5845 - G:1.04,0.12,0.42
5845 - t:23.59
5861 - T:22.18
5861 - P:102270.00
5903 - R: 2c46fae66f1a41c231a59873d9ffa97cf82c4cae6f5e4de0a440ce304a55da
5941 - M:-14.91,-9.55,-31.94
5945 - A:-0.25,-4.70,6.35
5945 - G:0.43,0.96,0.04
5945 - t:23.58
5961 - T:22.18
5961 - P:102266.00
6041 - M:-12.55,-11.09,-33.27
6045 - A:-1.02,-5.29,7.28
6045 - G:0.02,0.63,-0.22
6045 - t:23.58
6059 - T:22.19
6059 - P:102268.00
6141 - M:-10.27,-12.00,-33.98
6144 - A:-1.42,-5.65,7.26
6145 - G:-0.06,-0.06,-0.27
6145 - t:23.59
6161 - T:22.19
6161 - P:102267.00
6241 - M:-10.64,-12.09,-33.78
6244 - A:-1.73,-6.78,8.67
6245 - G:0.11,-1.34,-0.99
6245 - t:23.57
6261 - T:22.19
6261 - P:102266.00
6341 - M:-19.73,-15.91,-30.61
6344 - A:1.41,-6.78,7.97
6345 - G:0.75,-3.37,-1.58
6345 - t:23.59
6361 - T:22.19
6361 - P:102268.00
6403 - R: 6f8060f754f62d1916984cb51a6d2692fbed8bcd5a6ad9eff6ad37d2c0961f
6441 - M:-26.91,-20.82,-23.37
6445 - A:5.03,-2.69,4.40
6445 - G:1.34,-3.83,-1.16
6445 - t:23.59
6461 - T:22.20
6461 - P:102267.00
6541 - M:-32.09,-28.09,-1.94
6545 - A:8.41,-0.62,0.48
6545 - G:0.46,-3.97,-0.06
6545 - t:23.59
6559 - T:22.20
6559 - P:102268.00
6641 - M:-31.27,-28.00,7.55
6644 - A:9.99,-2.08,-0.92
6645 - G:0.37,-2.75,0.46
6645 - t:23.62
6661 - T:22.21
6661 - P:102269.00
6741 - M:-27.82,-26.82,14.90
6744 - A:9.14,-1.99,-3.31
6745 - G:0.50,-2.41,0.87
6745 - t:23.61
6761 - T:22.21
6761 - P:102267.00
6841 - M:-22.09,-20.91,23.98
6845 - A:8.18,-5.83,-2.62
6845 - G:-0.05,-1.37,1.31
6845 - t:23.60
6861 - T:22.22
6861 - P:102266.00
6902 - R: 2482dd6f4be72be965f3df1647d3d262f46a2fe716e32748fbdec9bd04f8
6941 - M:-18.82,-19.82,26.12
6945 - A:8.59,-4.39,-6.31
6945 - G:-0.71,-1.60,0.10
6945 - t:23.62
6961 - T:22.22
6961 - P:102268.00
7041 - M:-12.18,-21.55,28.57
7044 - A:7.83,-4.29,-6.28
7044 - G:-0.23,-0.81,0.69
7045 - t:23.61
7061 - T:22.23
7061 - P:102270.00
7141 - M:-10.00,-22.55,28.78
7144 - A:7.71,-4.92,-8.50
7145 - G:0.20,-0.03,0.27
7145 - t:23.61
7161 - T:22.23
7161 - P:102264.00
7241 - M:-11.82,-20.09,28.98
7244 - A:7.60,-4.65,-6.81
7244 - G:0.93,1.26,-0.06
7244 - t:23.61
7261 - T:22.23
7261 - P:102265.00
7341 - M:-15.64,-17.73,28.16
7345 - A:7.57,-3.57,-5.55
7345 - G:0.69,1.43,0.36
7345 - t:23.64
7359 - T:22.23
7359 - P:102267.00
7402 - R: 4fdd1d12a1c03dbe6771ac4fb0667e3b14d9dc4f9035e6a0eb3d9e373fc227a5
7441 - M:-22.18,-15.91,23.88
7444 - A:8.42,-5.26,-4.03
7444 - G:0.13,1.54,0.01
7445 - t:23.61
7461 - T:22.23
7461 - P:102266.00
7541 - M:-25.27,-14.91,20.92
7544 - A:8.58,-4.75,-2.88
7544 - G:0.47,1.31,-0.11
7545 - t:23.61
7561 - T:22.23
7561 - P:102267.00
7641 - M:-27.82,-13.64,17.45
7644 - A:8.44,-4.32,-1.74
7644 - G:0.45,1.53,0.12
7644 - t:23.62
7661 - T:22.23
7661 - P:102267.00
7741 - M:-32.00,-11.36,8.98
7744 - A:7.94,-5.15,0.55
7744 - G:1.07,2.50,0.40
7744 - t:23.61
7761 - T:22.24
7761 - P:102267.00
7841 - M:-33.09,-9.45,1.84
7844 - A:6.41,-4.22,3.19
7844 - G:0.87,3.17,0.41
7844 - t:23.62
7860 - T:22.24
7860 - P:102270.00
7902 - R: 1aa96ec1f0d5a864d381e5639930598a5ba31c4f83a11cd4fd5d8c7983cf6c
7941 - M:-30.45,-6.73,-13.88
7944 - A:4.13,-4.86,6.06
7944 - G:0.75,2.62,0.90
7944 - t:23.65
7960 - T:22.24
7960 - P:102267.00
8041 - M:-26.55,-5.27,-20.41
8044 - A:2.01,-4.80,7.02
8044 - G:0.54,2.01,0.70
8044 - t:23.64
8060 - T:22.25
8060 - P:102269.00
8141 - M:-18.64,-6.09,-27.55
8145 - A:-0.23,-3.75,8.13
8145 - G:0.52,1.67,0.50
8145 - t:23.63
8161 - T:22.25
8161 - P:102265.00
8241 - M:-15.09,-6.09,-29.39
8245 - A:-1.10,-3.92,7.91
8245 - G:0.12,1.18,0.36
8245 - t:23.65
8261 - T:22.25
8261 - P:102265.00
8341 - M:-12.64,-7.45,-30.61
8344 - A:-2.19,-3.09,7.20
8345 - G:0.11,1.28,0.25
8345 - t:23.65
8361 - T:22.25
8361 - P:102267.00
8402 - R: 3b20bea284d8cc71e2835db5444a7a321ae3c7e2f41b0bed2bf20329b8780ae
8441 - M:-8.09,-8.09,-30.82
8445 - A:-2.93,-3.30,6.06
8445 - G:-0.46,1.64,0.06
8445 - t:23.64
8462 - T:22.26
8462 - P:102268.00
8541 - M:-4.91,-8.00,-31.22
8544 - A:-5.02,-4.09,6.00
8544 - G:-0.63,1.78,0.14
8544 - t:23.65
8562 - T:22.26
8562 - P:102270.00
8641 - M:-1.73,-8.82,-29.39
8644 - A:-6.17,-5.17,6.06
8644 - G:-0.37,0.64,0.31
8644 - t:23.67
8662 - T:22.26
8662 - P:102268.00
8741 - M:-1.64,-8.73,-29.39
8744 - A:-6.40,-4.68,6.04
8744 - G:-0.13,-0.69,-0.41
8744 - t:23.65
8761 - T:22.26
8761 - P:102270.00
8841 - M:-4.18,-6.09,-29.90
8844 - A:-4.64,-5.92,6.57
8844 - G:0.23,-1.86,-0.52
8844 - t:23.66
8862 - T:22.26
8862 - P:102268.00
8902 - R: c99af29de4d9d846d9cd7407c399acaa7b0aa88c6f56519c9e3c7727256d8
8941 - M:-0.09,-0.09,-0.10
8944 - A:-3.69,-4.74,7.81
8944 - G:-0.22,-3.26,-0.86
8944 - t:23.67
8960 - T:22.27
8960 - P:102267.00
9041 - M:-21.64,-3.36,-24.29
9044 - A:0.60,-4.68,6.13
9044 - G:-0.33,-3.31,-0.77
9044 - t:23.66
9061 - T:22.27
9061 - P:102269.00
9141 - M:-27.18,-3.18,-17.86
9144 - A:4.14,-4.83,4.25
9144 - G:-0.46,-2.55,-0.13
9144 - t:23.68
9161 - T:22.27
9161 - P:102267.00
9241 - M:-29.64,-3.09,-11.84
9244 - A:5.43,-6.04,3.67
9244 - G:-0.70,-2.87,0.37
9245 - t:23.66
9261 - T:22.27
9261 - P:102269.00
9341 - M:-30.91,-1.91,2.45
9344 - A:6.29,-6.73,2.13
9344 - G:-1.12,-2.23,0.18
9345 - t:23.67
9361 - T:22.28
9361 - P:102267.00
9401 - R: ed4d7d495a8332ba517dde8d5653366207af969c9c12125fa80c670354535b8
9441 - M:-29.27,-2.36,9.39
9445 - A:7.23,-6.02,-1.10
9445 - G:-1.41,-2.62,-0.12
9445 - t:23.66
9461 - T:22.28
9461 - P:102270.00
9541 - M:-21.45,-6.27,22.14
9544 - A:7.06,-7.07,-4.24
9545 - G:-0.81,-1.88,0.20
9545 - t:23.64
9561 - T:22.28
9561 - P:102268.00
9641 - M:-17.91,-8.45,25.41
9644 - A:6.35,-6.56,-5.29
9644 - G:-1.96,-0.96,0.29
9645 - t:23.69
9661 - T:22.28
9661 - P:102267.00
9741 - M:-13.45,-14.73,27.35
9744 - A:6.70,-7.51,-6.99
9744 - G:-1.03,-0.55,-0.01
9745 - t:23.68
9761 - T:22.29
9761 - P:102268.00
9841 - M:-12.45,-17.00,27.65
9845 - A:5.86,-5.58,-6.22
9845 - G:-0.57,-0.65,-0.45
9845 - t:23.70
9861 - T:22.29
9861 - P:102266.00
9901 - R: d599bed5f070789dcb4a4dbdcbcaabf2f66fe2455f148f4e268e844a3c9d7bf1
9941 - M:-9.36,-21.64,27.96
9945 - A:5.78,-5.29,-7.76
9945 - G:-0.71,-0.48,-0.25
9945 - t:23.69
9961 - T:22.29
9961 - P:102269.00
10041 - M:-8.09,-24.09,27.55
10045 - A:5.52,-4.51,-8.02
10045 - G:-0.66,-0.46,-0.07
10045 - t:23.68
10059 - T:22.30
10059 - P:102268.00
10141 - M:-6.55,-25.91,27.24
10144 - A:5.60,-4.95,-9.48
10145 - G:-1.11,-0.71,-0.06
10145 - t:23.69
10161 - T:22.30
10161 - P:102268.00
10241 - M:-3.27,-30.00,25.20
10244 - A:4.97,-3.50,-10.34
10245 - G:-0.19,0.09,-0.18
10245 - t:23.69
10261 - T:22.30
10261 - P:102268.00
10341 - M:-3.36,-30.27,25.51
10344 - A:5.20,-4.05,-9.42
10345 - G:-0.20,-0.06,-0.08
10345 - t:23.70
10361 - T:22.30
10361 - P:102269.00
10401 - R: 721264f49495ec26e64bfbdba3ca53626cfa60edbb615e97562756858feb21b3
10441 - M:-2.91,-30.73,25.41
10445 - A:5.11,-3.64,-9.79
10445 - G:-0.09,-0.02,-0.10
10445 - t:23.71
10461 - T:22.31
10461 - P:102268.00
10541 - M:-2.91,-30.82,25.51
10545 - A:5.07,-3.35,-9.79
10545 - G:-0.31,-0.07,0.00
10545 - t:23.70
10559 - T:22.31
10559 - P:102268.00
10641 - M:-3.27,-31.00,25.10
10644 - A:5.21,-3.52,-9.69
10645 - G:0.10,0.23,-0.02
10645 - t:23.71
10661 - T:22.31
10661 - P:102267.00
10741 - M:-3.91,-30.45,26.02
10744 - A:5.46,-3.40,-9.95
10745 - G:0.40,0.57,0.12
10745 - t:23.71
10761 - T:22.32
10761 - P:102269.00
10841 - M:-5.55,-29.00,26.02
10845 - A:6.08,-4.07,-10.72
10845 - G:1.02,1.17,0.31
10845 - t:23.72
10861 - T:22.31
10861 - P:102269.00
10901 - R: 1ca7c8caf9afd2cd1b712d542ddb7c9c12b727fe08b7a87b9264b8b2466ab3c
10941 - M:-13.18,-22.55,26.73
10945 - A:6.77,-5.26,-7.71
10945 - G:1.75,1.75,0.22
10945 - t:23.72
10961 - T:22.32
10961 - P:102268.00
11041 - M:-18.09,-17.18,25.51
11044 - A:7.23,-5.84,-4.72
11045 - G:1.05,1.69,-0.02
11045 - t:23.71
11061 - T:22.32
11061 - P:102265.00
11141 - M:-25.73,-10.36,19.59
11144 - A:7.90,-7.01,-3.16
11145 - G:1.17,1.68,0.19
11145 - t:23.73
11161 - T:22.32
11161 - P:102269.00
11241 - M:-28.36,-8.09,15.31
11244 - A:7.17,-6.70,-0.06
11244 - G:1.80,2.07,0.41
11245 - t:23.74
11261 - T:22.33
11261 - P:102270.00
11341 - M:-31.55,-3.00,2.14
11344 - A:6.77,-6.74,0.82
11344 - G:1.48,2.46,0.32
11345 - t:23.73
11361 - T:22.33
11361 - P:102268.00
11381 - R: daab25b09cbd73e53eda9f241ff29ad928e55d667be237fd29c3fb534d47
11441 - M:-31.18,-2.18,-5.71
11445 - A:5.03,-6.38,4.38
11445 - G:1.42,2.16,0.17
11445 - t:23.76
11461 - T:22.33
11461 - P:102270.00
11541 - M:-26.91,-5.27,-19.80
11544 - A:3.04,-3.98,6.04
11544 - G:1.83,2.79,-0.27
11545 - t:23.73
11561 - T:22.34
11561 - P:102266.00
11641 - M:-23.18,-9.55,-26.43
11644 - A:0.26,-1.29,8.38
11645 - G:1.41,2.16,-0.61
11645 - t:23.75
11661 - T:22.34
11661 - P:102268.00
11741 - M:-18.82,-13.91,-30.41
11744 - A:-0.68,-0.44,6.30
11744 - G:0.57,1.76,-0.35
11745 - t:23.73
11761 - T:22.34
11761 - P:102268.00
11841 - M:-9.55,-18.45,-34.18
11845 - A:-2.37,-1.40,7.17
11845 - G:-0.64,2.19,0.12
11845 - t:23.74
11861 - T:22.34
11861 - P:102271.00
11880 - R: f3a428e58a5caa0db27deb6eec9c3ed1cb392ebd56cf2e0762af9ec2e455c
11941 - M:-4.45,-18.45,-34.69
11945 - A:-4.36,-3.42,7.66
11945 - G:-0.19,1.67,-0.72
11945 - t:23.75
11961 - T:22.35
11961 - P:102271.00
12041 - M:2.27,-21.00,-34.80
12044 - A:-5.58,-1.15,6.37
12044 - G:-0.15,1.04,-0.63
12045 - t:23.75
12061 - T:22.35
12061 - P:102272.00
12141 - M:4.55,-21.64,-34.18
12144 - A:-5.56,-3.07,5.57
12144 - G:-0.78,0.98,0.09
12145 - t:23.73
12161 - T:22.35
12161 - P:102268.00
12241 - M:9.27,-23.82,-32.76
12244 - A:-6.40,-3.21,3.94
12244 - G:-0.65,1.30,-0.30
12245 - t:23.76
12261 - T:22.35
12261 - P:102271.00
12341 - M:11.27,-25.82,-32.96
12344 - A:-7.78,-4.85,5.02
12345 - G:-0.73,0.93,-0.27
12345 - t:23.75
12361 - T:22.35
12361 - P:102268.00
12400 - R: 49eecee87fb5ef6153051adef1ebbe3b55a850a517abeee547dbb442cbd9
12442 - M:11.18,-31.27,-32.86
12445 - A:-6.54,-3.77,4.03
12445 - G:0.34,-0.45,-0.44
12445 - t:23.77
12461 - T:22.35
12461 - P:102269.00
12541 - M:8.82,-33.27,-33.57
12545 - A:-5.75,-4.44,4.37
12545 - G:-0.32,-0.52,-0.27
12545 - t:23.77
12559 - T:22.35
12559 - P:102270.00
12641 - M:7.73,-32.73,-34.29
12645 - A:-5.63,-4.39,5.31
12645 - G:0.06,-0.99,0.03
12645 - t:23.77
12659 - T:22.36
12659 - P:102272.00
12741 - M:3.36,-33.27,-34.59
12744 - A:-4.50,-2.44,7.12
12745 - G:7.13,-0.75,1.24
12745 - t:23.76
12760 - T:22.36
12760 - P:102268.00
12841 - M:-3.09,-45.27,-29.18
12844 - A:-3.45,-1.21,7.38
12844 - G:0.30,-0.38,-0.26
12844 - t:23.77
12863 - T:22.37
12863 - P:102271.00
12900 - R: 5ee4c623117a174f48f17eb3b6c5ebd1a6d90794314796429c3fb3b8891ab7
12941 - M:-2.45,-48.36,-27.14
12945 - A:-4.21,-1.51,6.84
12945 - G:0.08,0.54,-0.83
12945 - t:23.75
12962 - T:22.37
12962 - P:102267.00
13041 - M:-1.64,-48.18,-27.35
13044 - A:-4.27,-1.46,6.77
13044 - G:-0.04,0.00,-0.58
13044 - t:23.75
13060 - T:22.37
13060 - P:102267.00
13141 - M:-1.64,-46.36,-29.18
13144 - A:-3.83,-1.94,7.67
13144 - G:-1.12,0.18,0.44
13144 - t:23.78
13160 - T:22.37
13160 - P:102268.00
13241 - M:-1.64,-43.18,-30.61
13244 - A:-4.73,-2.13,7.30
13244 - G:-0.03,0.15,0.45
13244 - t:23.77
13261 - T:22.38
13261 - P:102268.00
13341 - M:-1.27,-42.45,-31.84
13344 - A:-5.13,-3.79,7.17
13344 - G:-1.28,0.42,0.12
13344 - t:23.78
13361 - T:22.38
13361 - P:102269.00
13400 - R: 45e47883771e77b7358d58c6931173345c8f2b481463bb58b67fa57a771b5da
13441 - M:2.36,-35.18,-37.14
13445 - A:-5.02,-3.59,5.96
13445 - G:-0.62,-0.23,-0.19
13445 - t:23.77
13461 - T:22.38
13461 - P:102268.00
13541 - M:2.73,-32.73,-38.27
13544 - A:-6.06,-0.68,8.33
13545 - G:-2.19,-0.31,-0.45
13545 - t:23.79
13561 - T:22.38
13561 - P:102269.00
13641 - M:3.36,-32.82,-39.29
13644 - A:-5.55,-4.09,2.09
13644 - G:1.07,0.50,-0.25
13645 - t:23.79
13661 - T:22.38
13661 - P:102271.00
13741 - M:3.55,-35.27,-39.39
13744 - A:-5.66,-1.67,7.22
13744 - G:0.32,0.24,0.27
13745 - t:23.80
13761 - T:22.39
13761 - P:102270.00
13841 - M:2.73,-39.91,-38.57
13844 - A:-5.45,-2.33,6.20
13845 - G:-0.32,-0.04,0.39
13845 - t:23.77
13861 - T:22.39
13861 - P:102266.00
13900 - R: 3abd9145a06cbf766c8ad1831ae28e433d536a2926b41af7e276f7ddd94931
13941 - M:2.73,-40.36,-38.78
13945 - A:-5.02,-1.41,6.28
13945 - G:0.61,-0.33,0.06
13945 - t:23.79
13961 - T:22.39
13961 - P:102268.00
14041 - M:2.00,-42.55,-38.16
14044 - A:-5.63,-1.65,6.16
14045 - G:0.00,0.02,0.18
14045 - t:23.78
14061 - T:22.39
14061 - P:102267.00
14141 - M:2.09,-41.73,-38.78
14144 - A:-5.33,-0.58,6.18
14144 - G:-0.02,0.10,0.18
14145 - t:23.79
14161 - T:22.40
14161 - P:102269.00
14241 - M:2.09,-41.55,-38.47
14244 - A:-5.13,-0.99,6.48
14244 - G:-0.08,-0.35,0.05
14245 - t:23.80
14261 - T:22.40
14261 - P:102268.00
14341 - M:0.73,-41.91,-38.98
14344 - A:-4.87,-1.01,6.60
14344 - G:0.29,-0.25,0.05
14345 - t:23.80
14361 - T:22.40
14361 - P:102269.00
14400 - R: 88364801e971bff15ed4dbf88b888422849b54c4b97417faab0265bc4d28d76
14441 - M:0.00,-42.82,-38.78
14445 - A:-4.99,-0.82,6.66
14445 - G:0.16,-0.32,-0.06
14445 - t:23.80
14461 - T:22.41
14461 - P:102271.00
14541 - M:-1.45,-44.27,-38.98
14544 - A:-4.84,-0.78,6.99
14545 - G:-0.25,-0.29,-0.05
14545 - t:23.94
14561 - T:22.43
14561 - P:102263.00
14641 - M:-1.45,-44.45,-38.98
14644 - A:-4.80,-0.66,7.23
14644 - G:-0.13,-0.48,0.05
14645 - t:24.29
14661 - T:22.53
14661 - P:102263.00
14741 - M:-2.55,-43.09,-39.80
14744 - A:-4.98,-0.93,7.81
14744 - G:-0.54,0.40,0.09
14745 - t:24.81
14761 - T:22.61
14761 - P:102249.00
14841 - M:-0.18,-41.27,-40.92
14845 - A:-5.11,-1.12,6.58
14845 - G:-0.15,-0.00,0.16
14845 - t:25.12
14861 - T:22.73
14861 - P:102313.00
14899 - R: b94ef168162e493c432e29ca5c6566ff8249106dec8f40452c67ed0b6578386
14941 - M:-0.09,-41.73,-40.00
14945 - A:-5.26,-0.98,6.56
14945 - G:0.24,-0.03,-0.12
14945 - t:25.28
14961 - T:23.38
14961 - P:102450.00
15041 - M:0.36,-42.82,-39.29
15044 - A:-5.20,-0.88,6.50
15045 - G:0.01,-0.04,-0.05
15045 - t:25.35
15061 - T:24.78
15061 - P:102406.00
15141 - M:-0.09,-43.27,-39.29
15144 - A:-5.11,-0.99,6.58
15144 - G:0.04,-0.15,-0.04
15145 - t:25.38
15161 - T:26.81
15161 - P:102746.00
15241 - M:-0.64,-44.45,-38.57
15244 - A:-5.03,-0.70,6.71
15244 - G:-0.05,-0.04,-0.03
15245 - t:25.42
15261 - T:27.33
15261 - P:102869.00
15341 - M:-0.64,-44.55,-38.47
15344 - A:-5.13,-0.70,6.58
15344 - G:-0.04,0.13,-0.01
15345 - t:25.47
15361 - T:29.06
15361 - P:102993.00
15399 - R: 7c1ed99c14729dabf07944d2a3d411967937a045801f2dfa759ba4bd2deadfc
15441 - M:-0.82,-44.45,-38.57
15445 - A:-5.21,-0.55,6.77
15445 - G:0.22,0.04,0.02
15445 - t:25.57
15461 - T:30.30
15461 - P:103301.00
15541 - M:-1.27,-45.18,-38.27
15544 - A:-5.21,-0.39,6.45
15544 - G:-0.13,-0.29,-0.04
15545 - t:25.61
15561 - T:31.35
15561 - P:103667.00
15641 - M:-2.00,-44.91,-38.37
15644 - A:-4.98,-0.63,6.53
15644 - G:-0.18,0.08,0.05
15645 - t:25.61
15661 - T:31.86
15661 - P:103520.00
15741 - M:-2.27,-44.45,-38.67
15744 - A:-5.00,-0.73,6.62
15744 - G:-0.21,0.22,0.01
15745 - t:25.57
15761 - T:31.84
15761 - P:103346.00
15841 - M:-1.64,-43.91,-38.88
15845 - A:-5.00,-0.67,6.33
15845 - G:-0.01,-0.03,-0.02
15845 - t:25.53
15861 - T:32.42
15861 - P:103188.00
15899 - R: 802b5f6f98f3f83196114370a14ed6deb67b433987454ff16cf97673c0bb1f
15941 - M:-1.82,-44.55,-38.27
15945 - A:-5.01,-0.69,6.60
15945 - G:0.07,-0.10,-0.03
15945 - t:25.50
15961 - T:32.52
15961 - P:102783.00
16041 - M:-1.55,-44.27,-38.78
16044 - A:-5.29,-1.34,6.33
16045 - G:-1.85,-0.13,-0.26
16045 - t:25.63
16061 - T:32.07
16061 - P:102401.00
16141 - M:-2.18,-39.73,-40.41
16144 - A:-5.04,-1.92,6.81
16145 - G:-0.67,-0.18,-0.01
16145 - t:25.72
16161 - T:31.49
16161 - P:102345.00
16241 - M:-1.18,-35.27,-41.43
16244 - A:-4.91,-2.87,6.05
16244 - G:-0.76,0.11,-0.37
16245 - t:25.74
16261 - T:31.05
16261 - P:102335.00
16341 - M:0.73,-36.55,-42.04
16344 - A:-4.93,-2.54,5.09
16344 - G:0.15,-0.05,0.06
16345 - t:25.71
16361 - T:30.64
16361 - P:102330.00
16399 - R: b320257d5a82feb64b543d47e85450b12d50631c5fd1cf73efc5e9fa79eaf
16441 - M:0.36,-38.27,-41.73
16445 - A:-4.81,-1.90,6.61
16445 - G:-0.04,-0.09,-0.07
16445 - t:25.70
16461 - T:30.22
16461 - P:102325.00
16541 - M:-0.09,-38.27,-41.84
16544 - A:-4.80,-1.88,6.65
16544 - G:0.12,-0.05,-0.05
16545 - t:25.64
16561 - T:29.84
16561 - P:102316.00
16641 - M:0.27,-38.91,-41.73
16644 - A:-4.92,-1.84,6.59
16644 - G:-0.07,-0.03,-0.05
16645 - t:25.61
16661 - T:29.47
16661 - P:102311.00
16741 - M:0.36,-38.55,-41.94
16744 - A:-5.08,-1.71,6.38
16745 - G:0.20,0.03,0.14
16745 - t:25.55
16761 - T:29.14
16761 - P:102306.00
16841 - M:1.09,-38.91,-41.94
16844 - A:-5.23,-1.68,6.24
16845 - G:-0.17,0.12,-0.10
16845 - t:25.52
16861 - T:28.83
16861 - P:102302.00
16898 - R: bcefad2f5818f8898d3ab0599916975ebca3e53633c67b0329e5bf3ef7c84f2
16941 - M:1.36,-38.91,-41.73
16945 - A:-5.36,-1.82,6.08
16945 - G:-0.04,0.03,0.02
16945 - t:25.49
16962 - T:28.54
16962 - P:102298.00
17041 - M:1.64,-39.09,-41.73
17044 - A:-5.41,-1.74,6.34
17044 - G:-0.03,0.06,0.01
17044 - t:25.45
17062 - T:28.28
17062 - P:102296.00
17141 - M:2.00,-38.91,-42.14
17144 - A:-5.55,-1.74,6.27
17144 - G:-0.14,0.13,-0.02
17144 - t:25.46
17161 - T:28.03
17161 - P:102287.00
17241 - M:2.73,-38.82,-42.24
17244 - A:-5.40,-1.65,6.15
17244 - G:0.11,-0.01,-0.04
17244 - t:25.45
17261 - T:27.80
17261 - P:102288.00
17341 - M:3.36,-38.73,-42.24
17344 - A:-5.52,-1.62,5.76
17344 - G:0.14,0.49,0.03
17344 - t:25.42
17361 - T:27.59
17361 - P:102283.00
17398 - R: 2ba0457e4fea14a1c3cb359472ef5b3016d8fd749c3525c9ec586a1abc71cc
17441 - M:4.27,-39.09,-42.45
17445 - A:-5.86,-1.56,5.91
17445 - G:-0.20,-0.57,0.07
17445 - t:25.42
17461 - T:27.40
17461 - P:102284.00
17541 - M:2.36,-39.27,-42.35
17544 - A:-5.40,-1.46,6.16
17544 - G:0.00,-0.38,0.03
17544 - t:25.44
17560 - T:27.28
17560 - P:102285.00
17641 - M:1.45,-39.73,-42.65
17644 - A:-5.30,-1.59,6.32
17644 - G:0.04,-0.26,0.04
17644 - t:25.69
17661 - T:27.63
17661 - P:102336.00
17741 - M:-0.45,-40.55,-42.24
17744 - A:-5.00,-1.40,6.85
17744 - G:-0.10,-0.08,-0.01
17745 - t:25.96
17761 - T:27.95
17761 - P:102370.00
17841 - M:-0.55,-40.55,-42.24
17844 - A:-4.70,-1.48,6.91
17845 - G:-0.03,0.08,-0.03
17845 - t:26.41
17861 - T:28.73
17861 - P:102435.00
17898 - R: efa1691f79e41cdad3f79155b4699c9e83c02cc4aebdd843196fe91073581
17941 - M:-0.45,-39.82,-42.45
17945 - A:-5.13,-1.47,6.86
17945 - G:-0.05,-0.05,-0.02
17945 - t:26.82
17961 - T:29.60
17961 - P:102501.00
18041 - M:-0.27,-40.00,-42.14
18044 - A:-4.98,-1.46,6.89
18045 - G:0.17,-0.28,-0.08
18045 - t:27.25
18061 - T:30.55
18061 - P:102591.00
18141 - M:-1.00,-40.91,-41.84
18144 - A:-4.62,-1.31,7.14
18145 - G:-0.04,-0.14,-0.10
18145 - t:27.74
18161 - T:31.48
18161 - P:102639.00
18241 - M:-1.27,-40.82,-41.33
18244 - A:-4.90,-1.46,7.14
18245 - G:-0.46,0.48,0.01
18245 - t:28.19
18261 - T:31.78
18261 - P:102423.00
18341 - M:0.73,-38.82,-42.45
18344 - A:-5.57,-1.67,6.40
18344 - G:-0.01,0.22,-0.06
18345 - t:28.39
18361 - T:31.25
18361 - P:102371.00
18398 - R: 825b9524d3d2a51984b7ded9ce3f648e3e17a3b713df36bb17b6a5b53b4da9d1
18441 - M:1.09,-38.00,-42.65
18445 - A:-5.28,-1.83,6.23
18445 - G:-0.11,0.06,-0.03
18445 - t:28.33
18461 - T:30.84
18461 - P:102340.00
18541 - M:1.09,-38.00,-42.24
18544 - A:-5.24,-1.88,6.33
18545 - G:-0.02,-0.01,-0.05
18545 - t:28.26
18561 - T:30.52
18561 - P:102327.00
18641 - M:1.18,-38.36,-42.45
18644 - A:-5.20,-1.90,6.26
18644 - G:-0.12,-0.13,-0.10
18645 - t:28.15
18661 - T:30.25
18661 - P:102317.00
18741 - M:0.73,-38.09,-42.76
18744 - A:-5.08,-1.98,6.39
18744 - G:-0.11,-0.13,-0.07
18745 - t:28.06
18761 - T:30.01
18761 - P:102308.00
18841 - M:0.55,-38.00,-42.76
18844 - A:-5.14,-2.20,6.38
18845 - G:-0.49,-0.28,-0.07
18845 - t:27.96
18861 - T:29.78
18861 - P:102303.00
18898 - R: 7ae2163762a2ca993c39a8441da892220254f52783bd9bd3296e96f27711ad
18941 - M:-0.09,-36.00,-43.37
18945 - A:-4.92,-2.36,6.53
18945 - G:-0.04,-0.17,0.00
18945 - t:27.90
18961 - T:29.58
18961 - P:102300.00
19041 - M:-0.27,-36.09,-43.27
19044 - A:-4.89,-2.38,6.40
19045 - G:-0.30,-0.14,0.03
19045 - t:27.84
19061 - T:29.40
19061 - P:102294.00
19141 - M:-1.45,-34.36,-43.57
19144 - A:-4.72,-2.83,6.50
19144 - G:-0.56,-0.36,-0.02
19145 - t:27.76
19161 - T:29.23
19161 - P:102292.00
19241 - M:-2.18,-32.64,-44.08
19244 - A:-5.18,-3.09,5.55
19244 - G:-0.17,-0.10,-0.10
19245 - t:27.72
19261 - T:29.07
19261 - P:102287.00
19341 - M:-2.36,-33.09,-43.98
19344 - A:-4.27,-3.19,6.60
19344 - G:-0.37,-0.04,-0.05
19345 - t:27.66
19361 - T:28.94
19361 - P:102288.00
19397 - R: 564348126dc0482b69914136ecfb50f331a44eb4c8cb1bfb3ef2e327314563c
19441 - M:-2.00,-33.45,-43.88
19445 - A:-4.18,-3.14,6.34
19445 - G:-0.27,-0.19,-0.24
19445 - t:27.64
19461 - T:28.81
19461 - P:102283.00
19541 - M:-2.73,-31.64,-44.18
19544 - A:-3.85,-3.64,6.34
19544 - G:-0.30,-0.12,-0.01
19545 - t:27.62
19561 - T:28.70
19561 - P:102283.00
19641 - M:-2.73,-34.27,-43.78
19644 - A:-4.21,-2.98,6.77
19644 - G:0.40,0.08,0.05
19645 - t:27.59
19661 - T:28.59
19661 - P:102282.00
19741 - M:-2.27,-35.73,-43.67
19744 - A:-4.04,-2.49,6.59
19744 - G:0.10,-0.20,0.14
19745 - t:27.56
19761 - T:28.50
19761 - P:102279.00
19841 - M:-3.45,-36.45,-43.16
19845 - A:-4.16,-2.56,7.09
19845 - G:-0.13,-0.03,0.11
19845 - t:27.54
19861 - T:28.43
19861 - P:102279.00
19897 - R: 73c738f266ef37ce1281cce812de04738a7eaadf82b999d16fdc0fbea749
19941 - M:-3.73,-35.91,-43.27
19945 - A:-4.01,-2.76,6.99
19945 - G:-0.72,-0.27,0.22
19945 - t:27.51
19961 - T:28.38
19961 - P:102277.00
20041 - M:-5.27,-32.91,-43.88
20044 - A:-3.83,-3.03,6.58
20045 - G:-0.12,0.15,0.21
20045 - t:27.49
20061 - T:28.31
20061 - P:102278.00
20141 - M:-5.09,-32.55,-43.27
20144 - A:-4.09,-3.07,6.67
20145 - G:-0.11,0.04,0.21
20145 - t:27.46
20161 - T:28.25
20161 - P:102275.00
20241 - M:-4.00,-32.55,-43.57
20244 - A:-4.31,-2.92,6.63
20244 - G:-0.15,0.04,-0.03
20245 - t:27.47
20261 - T:28.17
20261 - P:102275.00
20341 - M:-4.18,-32.27,-44.08
20344 - A:-4.15,-3.06,6.50
20345 - G:-0.20,0.10,-0.09
20345 - t:27.46
20361 - T:28.10
20361 - P:102273.00
20397 - R: e967b16c5d7f9afc6581475f4af6e8d612ea65b7f46988d44e1df2b3e1d11a
20441 - M:-3.82,-31.73,-43.98
20445 - A:-4.16,-3.34,6.50
20445 - G:-0.47,0.08,0.04
20445 - t:27.44
20461 - T:28.04
20461 - P:102272.00
20541 - M:-2.73,-30.73,-44.08
20544 - A:-4.39,-3.23,6.33
20544 - G:0.08,0.23,-0.01
20545 - t:27.44
20561 - T:27.98
20561 - P:102270.00
20641 - M:-2.45,-30.91,-44.29
20644 - A:-4.34,-3.43,6.48
20644 - G:-0.94,-0.37,-0.15
20645 - t:27.42
20661 - T:27.92
20661 - P:102270.00
20741 - M:-3.36,-31.45,-44.39
20744 - A:-4.22,-3.24,6.46
20744 - G:-0.09,0.03,0.02
20745 - t:27.39
20761 - T:27.86
20761 - P:102270.00
20841 - M:-3.09,-31.91,-44.18
20845 - A:-4.27,-3.18,6.43
20845 - G:-0.05,0.11,0.05
20845 - t:27.39
20861 - T:27.80
20861 - P:102267.00
20897 - R: 5bcfa5a6c45599fe6852dc6eaa88fd46a03c78b5a24efb9b619489a70b2eac2
20941 - M:-3.27,-31.82,-44.29
20945 - A:-4.31,-3.19,6.42
20945 - G:-0.05,-0.05,-0.04
20945 - t:27.37
20960 - T:27.71
20960 - P:102270.00
21041 - M:-3.00,-31.55,-44.39
21044 - A:-4.35,-3.19,6.49
21045 - G:-0.13,-0.24,-0.06
21045 - t:27.33
21061 - T:27.62
21061 - P:102270.00
21141 - M:-3.82,-31.00,-44.39
21144 - A:-4.22,-3.27,6.55
21144 - G:-0.30,-0.23,0.03
21145 - t:27.32
21161 - T:27.54
21161 - P:102272.00
21241 - M:-3.91,-30.73,-44.39
21244 - A:-4.04,-3.35,6.44
21244 - G:-0.06,-0.04,-0.03
21244 - t:27.28
21262 - T:27.45
21262 - P:102270.00
21341 - M:-4.18,-30.45,-44.39
21344 - A:-4.03,-3.43,6.48
21344 - G:-0.09,-0.06,-0.03
21344 - t:27.27
21361 - T:27.37
21361 - P:102270.00
21397 - R: 2ab6c6e8a5a7dc2147dc51d896e9aa47ab2a1b8da683447e616ce1c38a5421
21441 - M:-0.09,-0.09,-0.10
21444 - A:-3.95,-3.53,6.51
21444 - G:-0.12,-0.11,-0.01
21444 - t:27.26
21461 - T:27.32
21461 - P:102270.00
21541 - M:-4.82,-29.45,-44.59
21544 - A:-4.02,-3.58,6.57
21544 - G:-0.07,-0.07,-0.02
21545 - t:27.32
21562 - T:27.31
21562 - P:102267.00
21641 - M:-4.82,-29.09,-44.39
21644 - A:-3.97,-3.55,6.60
21644 - G:-0.04,-0.06,-0.02
21644 - t:27.45
21660 - T:27.40
21660 - P:102272.00
21741 - M:-5.00,-29.36,-44.39
21744 - A:-3.97,-3.59,6.57
21744 - G:-0.10,-0.07,-0.05
21744 - t:27.63
21761 - T:27.57
21761 - P:102276.00
21841 - M:-5.09,-29.09,-44.39
21844 - A:-3.85,-3.62,6.56
21844 - G:-0.06,-0.06,-0.04
21844 - t:27.79
21861 - T:27.78
21861 - P:102277.00
21896 - R: 588a231362b327d334d650f232d3f9745d5eef831e2bb94d8f682911c811a
21941 - M:-5.45,-29.18,-44.69
21945 - A:-3.80,-3.60,6.72
21945 - G:-0.09,-0.07,-0.04
21945 - t:27.93
21961 - T:27.95
21961 - P:102281.00
22041 - M:-5.36,-29.27,-44.39
22045 - A:-3.73,-3.63,6.70
22045 - G:-0.06,-0.00,0.01
22045 - t:28.11
22059 - T:28.06
22059 - P:102275.00
22141 - M:-5.64,-29.00,-44.39
22144 - A:-3.72,-3.66,6.60
22144 - G:-0.06,-0.05,-0.00
22145 - t:28.27
22161 - T:28.16
22161 - P:102277.00
22241 - M:-5.64,-28.91,-44.49
22244 - A:-3.73,-3.66,6.60
22244 - G:-0.03,-0.04,-0.03
22245 - t:28.40
22261 - T:28.28
22261 - P:102275.00
22341 - M:-5.82,-29.09,-44.69
22344 - A:-3.67,-3.71,6.68
22344 - G:-0.08,-0.02,-0.05
22345 - t:28.54
22361 - T:28.40
22361 - P:102280.00
22396 - R: c55c37f632bc36abe12846cfd3463dbed720b3e9381e61d9776c773b538a354
22441 - M:-5.64,-29.00,-43.98
22445 - A:-3.70,-3.70,6.71
22445 - G:-0.05,-0.03,-0.01
22445 - t:28.67
22461 - T:28.53
22461 - P:102277.00
22541 - M:-5.73,-28.73,-44.08
22544 - A:-3.69,-3.66,6.66
22545 - G:-0.07,-0.03,-0.01
22545 - t:28.79
22561 - T:28.65
22561 - P:102282.00
22641 - M:-5.64,-28.91,-44.18
22644 - A:-3.68,-3.66,6.63
22644 - G:-0.07,-0.05,-0.03
22645 - t:28.93
22661 - T:28.80
22661 - P:102280.00
22741 - M:-6.00,-28.73,-43.98
22744 - A:-3.71,-3.69,6.70
22744 - G:-0.06,-0.06,-0.06
22745 - t:29.04
22761 - T:28.94
22761 - P:102282.00
22841 - M:-6.09,-28.73,-44.08
22845 - A:-3.65,-3.69,6.62
22845 - G:-0.07,-0.05,-0.07
22845 - t:29.16
22861 - T:29.07
22861 - P:102280.00
22896 - R: 82205badf0eea9523132c866c012a8b8863c89b5f56d6c367e57a64adb0b64f
22941 - M:-6.18,-28.73,-43.98
22945 - A:-3.54,-3.76,6.64
22945 - G:-0.10,-0.06,-0.08
22945 - t:29.29
22961 - T:29.17
22961 - P:102282.00
23041 - M:-6.36,-28.55,-43.88
23044 - A:-3.54,-3.74,6.79
23045 - G:-0.02,-0.01,0.01
23045 - t:29.39
23061 - T:29.28
23061 - P:102279.00
23141 - M:-6.36,-28.36,-44.18
23144 - A:-3.55,-3.78,6.69
23144 - G:-0.04,-0.03,-0.04
23145 - t:29.52
23161 - T:29.39
23161 - P:102282.00
23241 - M:-6.27,-28.18,-43.88
23244 - A:-3.56,-3.82,6.72
23244 - G:-0.12,0.04,-0.01
23245 - t:29.62
23261 - T:29.48
23261 - P:102277.00
23341 - M:-5.55,-28.09,-43.88
23344 - A:-3.74,-3.62,6.32
23344 - G:-0.14,0.13,0.07
23345 - t:29.68
23362 - T:29.55
23362 - P:102275.00
23396 - R: 5736ab3659a55e4f86d08b662ddd1b6cd1b95659126d4ee896670c6b7d4d3
23441 - M:-4.91,-27.64,-43.88
23445 - A:-3.94,-3.88,6.37
23445 - G:0.04,0.43,0.15
23445 - t:29.71
23461 - T:29.60
23461 - P:102277.00
23541 - M:-4.00,-27.36,-44.29
23544 - A:-4.07,-3.80,6.26
23545 - G:-0.08,-0.05,-0.11
23545 - t:29.74
23561 - T:29.62
23561 - P:102275.00
23641 - M:-4.27,-27.36,-43.88
23644 - A:-3.97,-3.87,6.36
23644 - G:-0.08,-0.11,-0.10
23645 - t:29.69
23661 - T:29.61
23661 - P:102276.00
23741 - M:-4.73,-27.27,-44.08
23745 - A:-3.87,-3.92,6.38
23745 - G:-0.05,0.00,-0.03
23745 - t:29.64
23761 - T:29.56
23761 - P:102275.00
23841 - M:-4.55,-27.27,-43.98
23845 - A:-3.92,-3.88,6.33
23845 - G:0.03,0.03,-0.01
23845 - t:29.59
23861 - T:29.48
23861 - P:102273.00
23896 - R: 90378f9c2ed6bf6ee43db78a345f972880e3572aa227829e9ee7bcae0528
23941 - M:-4.18,-27.64,-44.29
23945 - A:-3.94,-3.81,6.34
23945 - G:0.01,-0.01,-0.06
23945 - t:29.56
23961 - T:29.39
23961 - P:102273.00
24041 - M:-4.09,-28.00,-44.18
24044 - A:-3.97,-3.77,6.25
24044 - G:0.03,-0.07,-0.12
24045 - t:29.51
24061 - T:29.30
24061 - P:102272.00
24141 - M:-3.91,-28.45,-44.39
24144 - A:-4.03,-3.76,6.36
24144 - G:0.13,-0.06,-0.07
24145 - t:29.45
24161 - T:29.21
24161 - P:102270.00
24241 - M:-4.00,-28.64,-44.49
24244 - A:-4.08,-3.62,6.31
24244 - G:0.09,0.06,0.00
24245 - t:29.38
24261 - T:29.11
24261 - P:102268.00
24341 - M:-3.55,-29.09,-44.08
24344 - A:-4.11,-3.48,6.34
24344 - G:0.05,-0.01,-0.01
24345 - t:29.34
24361 - T:28.99
24361 - P:102272.00
24395 - R: 8ba4aa24b05f09c285f818ed6061c0515181ed213b8716177babd6a4f2b
24441 - M:-3.36,-30.18,-44.39
24445 - A:-4.03,-3.34,6.37
24445 - G:0.09,0.02,0.00
24445 - t:29.31
24461 - T:28.88
24461 - P:102265.00
24541 - M:-3.45,-30.91,-44.29
24544 - A:-4.10,-3.18,6.45
24544 - G:0.19,0.07,0.01
24545 - t:29.30
24561 - T:28.78
24561 - P:102269.00
24641 - M:-3.09,-32.91,-43.67
24644 - A:-4.15,-2.92,6.60
24644 - G:0.29,-0.04,-0.03
24645 - t:29.28
24661 - T:28.68
24661 - P:102267.00
24741 - M:-3.27,-33.45,-43.78
24744 - A:-4.22,-2.74,6.63
24744 - G:0.27,-0.10,-0.06
24745 - t:29.25
24761 - T:28.60
24761 - P:102260.00
24841 - M:-3.36,-34.91,-43.37
24845 - A:-4.10,-2.61,6.76
24845 - G:-0.03,-0.02,-0.01
24845 - t:29.21
24861 - T:28.52
24861 - P:102262.00
24895 - R: ea7e75d55934daa79cee40b0a2bd282b432a0b73930568789f77137139
24941 - M:-3.55,-35.09,-43.37
24945 - A:-4.06,-2.65,6.74
24945 - G:-0.02,-0.08,-0.08
24945 - t:29.20
24961 - T:28.45
24961 - P:102265.00
25041 - M:-3.45,-35.36,-43.37
25044 - A:-4.04,-2.64,6.72
25044 - G:-0.04,-0.05,-0.02
25045 - t:29.19
25061 - T:28.40
25061 - P:102259.00
25141 - M:-3.55,-35.18,-43.27
25144 - A:-4.03,-2.63,6.62
25144 - G:-0.04,-0.04,-0.02
25145 - t:29.17
25161 - T:28.35
25161 - P:102258.00
25241 - M:-3.64,-35.00,-43.16
25244 - A:-4.02,-2.63,6.65
25245 - G:0.02,-0.05,-0.05
25245 - t:29.17
25261 - T:28.30
25261 - P:102260.00
25341 - M:-3.73,-35.09,-43.37
25345 - A:-4.06,-2.62,6.67
25345 - G:-0.07,-0.02,-0.03
25345 - t:29.15
25361 - T:28.26
25361 - P:102260.00
25395 - R: 8fbca0b2adfd170face98c6a63d6a43778cd4febb2b0ab1e22f852bcbecbe
25441 - M:-3.64,-35.00,-43.47
25445 - A:-4.07,-2.63,6.63
25445 - G:-0.03,-0.01,-0.01
25445 - t:29.15
25460 - T:28.23
25460 - P:102259.00
25541 - M:-3.73,-34.91,-43.67
25544 - A:-4.04,-2.64,6.62
25544 - G:-0.06,-0.03,-0.03
25544 - t:29.17
25561 - T:28.20
25561 - P:102261.00
25641 - M:-3.64,-35.45,-43.47
25644 - A:-4.04,-2.65,6.72
25644 - G:-0.05,-0.07,-0.03
25644 - t:29.16
25661 - T:28.19
25661 - P:102259.00
25741 - M:-3.55,-35.27,-43.47
25744 - A:-3.96,-2.60,6.75
25744 - G:0.04,0.05,-0.09
25744 - t:29.12
25761 - T:28.17
25761 - P:102261.00
25841 - M:-3.55,-35.45,-43.67
25844 - A:-4.11,-2.56,6.73
25844 - G:0.04,0.02,-0.00
25844 - t:29.16
25862 - T:28.16
25862 - P:102259.00
25895 - R: b9c914c4b8d2f5e23ce4325b2cb5fd45ee6f50323116cdd21bf31f64fdd
25941 - M:-3.45,-35.73,-43.37
25945 - A:-4.10,-2.52,6.66
25945 - G:0.03,0.07,-0.02
25945 - t:29.12
25962 - T:28.14
25962 - P:102260.00
26041 - M:-3.18,-36.27,-43.47
26044 - A:-4.08,-2.53,6.65
26044 - G:0.02,-0.07,0.00
26044 - t:29.12
26060 - T:28.12
26060 - P:102257.00
26141 - M:-2.91,-36.45,-43.57
26144 - A:-4.19,-2.49,6.56
26144 - G:-0.05,-0.13,-0.04
26144 - t:29.10
26161 - T:28.10
26161 - P:102257.00
26241 - M:-2.55,-36.82,-43.57
26244 - A:-4.22,-2.52,6.50
26244 - G:-0.13,0.14,0.03
26244 - t:29.11
26261 - T:28.09
26261 - P:102262.00
26341 - M:-1.82,-36.82,-43.67
26344 - A:-4.26,-2.42,6.35
26344 - G:-0.06,0.29,0.09
26345 - t:29.11
26361 - T:28.08
26361 - P:102258.00
26395 - R: 7b228684e096c3954577898b8877857c42f46e1a24346edd9f278ea7307f16
26441 - M:-1.09,-34.73,-43.98
26445 - A:-4.31,-2.75,6.03
26445 - G:-0.81,0.18,0.22
26445 - t:29.09
26461 - T:28.06
26461 - P:102257.00
26541 - M:-1.09,-33.82,-44.39
26544 - A:-4.44,-2.72,5.92
26545 - G:-0.68,-0.21,0.11
26545 - t:29.03
26561 - T:28.02
26561 - P:102257.00
26641 - M:-4.73,-31.55,-44.49
26644 - A:-3.94,-3.43,6.39
26644 - G:-0.72,-0.66,-0.18
26645 - t:29.07
26661 - T:28.01
26661 - P:102261.00
26741 - M:-5.82,-31.64,-44.59
26744 - A:-3.34,-3.63,6.77
26744 - G:-0.18,-0.04,-0.01
26745 - t:29.16
26761 - T:28.12
26761 - P:102267.00
26841 - M:-6.09,-31.36,-44.49
26844 - A:-3.18,-3.40,6.90
26845 - G:-0.17,0.02,0.02
26845 - t:29.33
26861 - T:28.32
26861 - P:102272.00
26895 - R: 80ebf7c7571883894627e7d5cee56d2931da41edd31d23223d578458fb9f
26941 - M:-6.27,-30.45,-44.18
26945 - A:-3.17,-3.73,6.76
26945 - G:-0.14,-0.11,-0.03
26945 - t:29.47
26961 - T:28.58
26961 - P:102276.00
27041 - M:-6.64,-30.27,-44.80
27044 - A:-3.25,-3.72,6.93
27045 - G:-0.20,-0.11,-0.08
27045 - t:29.67
27061 - T:28.86
27061 - P:102286.00
27141 - M:-6.82,-29.45,-44.90
27144 - A:-3.14,-3.86,6.96
27144 - G:-0.04,-0.03,0.01
27145 - t:29.84
27161 - T:29.13
27161 - P:102283.00
27241 - M:-7.09,-29.73,-44.59
27244 - A:-3.12,-3.91,6.73
27244 - G:-0.06,-0.02,-0.01
27245 - t:30.02
27261 - T:29.37
27261 - P:102285.00
27341 - M:-6.91,-29.64,-44.49
27344 - A:-3.08,-3.93,6.79
27344 - G:-0.07,-0.09,-0.08
27345 - t:30.18
27361 - T:29.59
27361 - P:102292.00
27394 - R: b740698ae17db7a0a4255d9f449e8dc2afb61c873272ddffe0cf3dbf5ed45b47
27441 - M:-7.09,-29.27,-44.59
27445 - A:-3.03,-3.99,6.94
27445 - G:-0.16,-0.08,-0.08
27445 - t:30.35
27461 - T:29.75
27461 - P:102294.00
27541 - M:-7.18,-29.36,-44.59
27544 - A:-2.97,-3.97,6.82
27545 - G:-0.10,-0.06,-0.08
27545 - t:30.54
27561 - T:29.85
27561 - P:102285.00
27641 - M:-7.55,-29.27,-44.29
27644 - A:-2.89,-3.99,6.84
27644 - G:-0.03,-0.05,-0.05
27645 - t:30.69
27661 - T:29.96
27661 - P:102292.00
27741 - M:-7.64,-29.27,-44.29
27744 - A:-2.86,-4.02,6.80
27744 - G:-0.06,-0.07,-0.06
27745 - t:30.82
27761 - T:30.13
27761 - P:102297.00
27841 - M:-7.82,-29.00,-44.29
27845 - A:-2.77,-4.19,6.58
27845 - G:-0.27,-0.03,-0.07
27845 - t:30.94
27861 - T:30.22
27861 - P:102279.00
27894 - R: bcb17e657ef9fb443da3954a5ec540cc22bd52769a19fdee7dfd11466fb457
27941 - M:-7.64,-28.45,-44.49
27945 - A:-2.79,-4.32,6.78
27945 - G:-0.03,0.57,0.24
27945 - t:31.02
27961 - T:30.28
27961 - P:102272.00
28041 - M:-2.55,-26.55,-44.49
28044 - A:-4.17,-3.35,5.61
28044 - G:0.05,0.81,0.28
28045 - t:31.07
28061 - T:30.32
28061 - P:102277.00
28141 - M:-2.45,-26.55,-44.49
28144 - A:-3.80,-4.14,5.96
28145 - G:-0.07,0.20,-0.15
28145 - t:31.10
28161 - T:30.37
28161 - P:102268.00
28241 - M:-1.91,-26.45,-44.80
28244 - A:-4.72,-4.36,5.61
28244 - G:-0.41,0.85,-0.36
28245 - t:31.07
28261 - T:30.36
28261 - P:102269.00
28341 - M:3.73,-26.09,-46.53
28344 - A:-4.45,-4.87,4.89
28344 - G:-0.46,1.72,-0.47
28345 - t:30.99
28361 - T:30.32
28361 - P:102267.00
28394 - R: 8aecc073129393ecbc9d060bd65954b1591b67d2885ce1f8923dfede5ac2
28441 - M:10.27,-26.27,-47.76
28445 - A:-4.48,-5.11,4.27
28445 - G:-0.53,1.32,-0.31
28445 - t:30.93
28461 - T:30.23
28461 - P:102267.00
28541 - M:19.18,-20.82,-48.88
28544 - A:-4.89,-5.81,3.64
28544 - G:-2.55,0.36,-1.96
28545 - t:30.88
28561 - T:30.10
28561 - P:102265.00
28641 - M:19.18,-15.73,-48.98
28644 - A:-5.01,-7.28,2.90
28644 - G:-0.25,-0.56,-1.07
28645 - t:30.82
28661 - T:29.98
28661 - P:102263.00
28741 - M:13.00,-9.55,-47.55
28744 - A:-3.56,-8.19,2.38
28744 - G:-0.35,-0.12,-0.21
28745 - t:30.77
28761 - T:29.86
28761 - P:102264.00
28841 - M:11.82,-8.91,-46.84
28845 - A:-4.60,-7.31,3.04
28845 - G:-0.26,-0.09,0.40
28845 - t:30.72
28861 - T:29.76
28861 - P:102262.00
28894 - R: b7b34133b301a13ebcc4f6d26aa6d17103e2bb4fbe4edcd09cbdf9d86adfe3
28941 - M:13.36,-9.73,-41.84
28945 - A:-4.07,-8.21,2.17
28945 - G:-0.68,-0.40,-0.64
28945 - t:30.67
28961 - T:29.67
28961 - P:102258.00
29041 - M:13.27,-11.82,-38.57
29044 - A:-7.74,-4.17,9.89
29045 - G:2.66,-0.18,1.95
29045 - t:30.64
29061 - T:29.59
29061 - P:102261.00
29141 - M:5.18,-22.36,-34.29
29144 - A:-6.46,-7.66,9.49
29144 - G:1.02,-0.80,1.10
29145 - t:30.61
29161 - T:29.54
29161 - P:102259.00
29241 - M:-6.64,-32.36,-29.59
29244 - A:-7.14,-6.01,4.63
29244 - G:-0.10,-0.32,0.04
29245 - t:30.59
29261 - T:29.49
29261 - P:102260.00
29341 - M:-6.82,-31.91,-28.88
29344 - A:-6.71,-2.09,6.15
29344 - G:1.40,-2.02,0.06
29345 - t:30.55
29361 - T:29.45
29361 - P:102259.00
29393 - R: 9fc12839c28145626fcca9ea085841fdf9576174b85b21382636e522b48729f
29441 - M:-6.73,-23.55,-30.51
29445 - A:-4.52,-2.18,7.59
29445 - G:0.63,-3.62,0.37
29445 - t:30.51
29461 - T:29.41
29461 - P:102261.00
29541 - M:-12.45,-21.27,-29.18
29545 - A:-0.25,-1.63,8.37
29545 - G:0.32,-3.27,-0.20
29545 - t:30.51
29561 - T:29.36
29561 - P:102260.00
29641 - M:-21.73,-20.64,-23.98
29644 - A:1.89,-0.62,6.10
29644 - G:0.76,-2.87,0.13
29645 - t:30.46
29661 - T:29.29
29661 - P:102258.00
29741 - M:-25.45,-21.45,-19.90
29745 - A:4.03,0.48,5.49
29745 - G:0.52,-1.51,-0.06
29745 - t:30.38
29761 - T:29.21
29761 - P:102256.00
29841 - M:-27.36,-22.27,-16.73
29844 - A:4.68,0.04,7.72
29844 - G:-0.09,-1.39,-0.07
29844 - t:30.34
29862 - T:29.14
29862 - P:102253.00
29893 - R: c1ba5368f321d59d751516152dc9cce6d1f9d1f9c6192dddfe6aed1b8e6a233
29941 - M:-29.82,-21.64,-12.76
29945 - A:6.09,-0.47,5.84
29945 - G:-0.21,-1.35,-0.14
29945 - t:30.29
29962 - T:29.08
29962 - P:102255.00
30041 - M:-30.82,-21.82,-10.31
30044 - A:6.27,0.31,5.77
30044 - G:-0.37,-1.04,-0.09
30044 - t:30.27
30060 - T:29.02
30060 - P:102256.00
30141 - M:-31.64,-22.18,-7.96
30144 - A:7.22,-0.88,5.72
30144 - G:-0.33,-0.32,0.06
30144 - t:30.23
30161 - T:28.97
30161 - P:102259.00
30241 - M:-31.64,-21.64,-7.45
30244 - A:6.87,0.03,4.68
30244 - G:0.42,0.60,0.06
30244 - t:30.22
30260 - T:28.93
30260 - P:102258.00
30341 - M:-30.64,-21.27,-11.02
30344 - A:6.01,-0.15,7.76
30344 - G:0.53,1.30,0.26
30344 - t:30.21
30360 - T:28.90
30360 - P:102253.00
30393 - R: 5249fb8dc98aad02959feeabf6b78948218b28c83d17e12a8912762bde39e2
30441 - M:-29.64,-21.18,-13.67
30445 - A:4.75,0.34,5.31
30445 - G:1.61,2.02,0.30
30445 - t:30.19
30461 - T:28.87
30461 - P:102258.00
30541 - M:-25.45,-21.82,-19.90
30544 - A:3.64,0.65,4.63
30544 - G:-0.37,1.32,-0.30
30545 - t:30.18
30561 - T:28.85
30561 - P:102256.00
30641 - M:-20.55,-23.91,-23.37
30644 - A:0.61,2.68,8.31
30644 - G:1.47,2.26,0.24
30645 - t:30.14
30661 - T:28.84
30661 - P:102254.00
30741 - M:-17.18,-25.82,-24.39
30744 - A:-1.08,4.61,7.31
30744 - G:0.17,0.65,0.12
30745 - t:30.14
30761 - T:28.82
30761 - P:102259.00
30841 - M:-15.27,-25.91,-25.00
30844 - A:-0.77,3.05,7.28
30845 - G:-0.49,0.20,0.08
30845 - t:30.11
30861 - T:28.79
30861 - P:102257.00
30893 - R: 9ff943a2f949c8af99377067c760613578deba0d1ec348ad7e6352e924441
30941 - M:-15.27,-25.18,-25.31
30945 - A:-1.29,2.98,7.19
30945 - G:-0.09,0.15,0.03
30945 - t:30.07
30961 - T:28.75
30961 - P:102255.00
31041 - M:-15.09,-24.45,-25.10
31044 - A:-1.03,2.94,7.95
31045 - G:-0.36,-0.07,0.13
31045 - t:30.04
31061 - T:28.72
31061 - P:102254.00
31141 - M:-15.09,-23.73,-24.69
31144 - A:-1.09,3.38,8.48
31145 - G:-0.56,-0.96,0.07
31145 - t:30.02
31161 - T:28.67
31161 - P:102254.00
31241 - M:-16.73,-19.27,-25.82
31244 - A:-0.63,0.93,9.75
31244 - G:-3.56,-0.81,-0.79
31245 - t:29.97
31261 - T:28.64
31261 - P:102255.00
31341 - M:-18.00,-16.09,-26.12
31344 - A:-0.46,-1.27,10.04
31345 - G:0.97,-0.60,0.56
31345 - t:29.94
31361 - T:28.60
31361 - P:102254.00
31373 - R: 79ce119240dba2e409fb48332132eb24a99e5691fde8d662176a41a1a0487c
31441 - M:-20.18,-14.64,-24.69
31445 - A:1.99,-0.48,6.75
31445 - G:4.68,2.46,1.94
31445 - t:29.90
31461 - T:28.56
31461 - P:102255.00
31541 - M:-16.55,-21.64,-25.71
31544 - A:-0.88,8.39,7.39
31545 - G:-0.50,-0.72,-2.66
31545 - t:29.89
31561 - T:28.53
31561 - P:102254.00
31641 - M:-16.55,-22.82,-26.33
31644 - A:0.75,2.69,7.71
31644 - G:0.72,-1.64,0.37
31645 - t:29.85
31661 - T:28.48
31661 - P:102253.00
31741 - M:-22.00,-21.18,-23.06
31744 - A:1.98,2.66,7.46
31744 - G:-0.18,-1.18,0.25
31745 - t:29.82
31761 - T:28.43
31761 - P:102251.00
31841 - M:-23.64,-19.55,-21.84
31845 - A:3.17,1.92,5.83
31845 - G:-0.01,0.02,1.34
31845 - t:29.77
31861 - T:28.39
31861 - P:102251.00
31892 - R: 7059a7849dae3c806990efba8a32234c651e4fa46b5f4554669987eaaea0f8d8
31941 - M:-25.36,-16.82,-20.51
31945 - A:3.41,3.97,8.22
31945 - G:-0.26,-1.80,1.66
31945 - t:29.75
31961 - T:28.37
31961 - P:102249.00
32041 - M:-27.64,-14.73,-18.47
32044 - A:4.55,4.58,5.44
32045 - G:0.49,0.88,0.06
32045 - t:29.71
32061 - T:28.34
32061 - P:102251.00
32141 - M:-26.82,-14.91,-19.49
32144 - A:2.57,5.33,4.31
32145 - G:2.73,4.34,4.42
32145 - t:29.69
32161 - T:28.32
32161 - P:102254.00
32241 - M:-16.73,-5.82,-28.78
32244 - A:2.06,1.10,6.31
32244 - G:2.00,1.61,0.09
32245 - t:29.65
32261 - T:28.31
32261 - P:102251.00
32341 - M:-13.09,-8.27,-31.33
32344 - A:1.32,4.79,6.06
32344 - G:0.08,0.97,3.16
32345 - t:29.61
32361 - T:28.30
32361 - P:102254.00
32372 - R: fd2dbbd07fe97859f27d0914be2b9f15debbfa524ea533b4eddc514a3bb73
32441 - M:-4.09,-3.73,-34.08
32445 - A:1.10,3.93,7.37
32445 - G:-0.14,0.93,2.93
32445 - t:29.58
32461 - T:28.28
32461 - P:102253.00
32541 - M:0.91,-1.45,-34.59
32544 - A:0.03,3.06,8.45
32544 - G:0.11,1.33,2.52
32545 - t:29.56
32561 - T:28.24
32561 - P:102255.00
32641 - M:9.64,-2.36,-33.98
32644 - A:-0.41,2.06,8.79
32644 - G:-0.20,0.65,2.63
32645 - t:29.53
32661 - T:28.22
32661 - P:102254.00
32741 - M:11.45,-3.82,-34.39
32744 - A:0.83,3.30,7.59
32744 - G:-0.19,-0.44,2.78
32745 - t:29.49
32761 - T:28.19
32761 - P:102255.00
32841 - M:12.82,-6.91,-35.41
32844 - A:2.59,2.35,8.11
32845 - G:-2.38,-1.39,3.31
32845 - t:29.47
32861 - T:28.17
32861 - P:102256.00
32892 - R: 80c6d7f44a9896f5b9a1ec966d40d515c681fda21fd34a80bbf9144140f8337e
32941 - M:13.64,-5.73,-36.02
32945 - A:2.33,2.20,6.24
32945 - G:-1.49,-0.85,2.74
32945 - t:29.45
32961 - T:28.15
32961 - P:102252.00
33041 - M:13.27,-4.91,-36.43
33044 - A:4.67,-0.77,7.31
33044 - G:-0.16,-0.18,1.65
33045 - t:29.46
33061 - T:28.13
33061 - P:102251.00
33141 - M:14.64,-6.00,-37.65
33144 - A:3.72,-0.60,7.27
33144 - G:0.29,0.90,0.59
33145 - t:29.42
33161 - T:28.11
33161 - P:102255.00
33241 - M:16.36,-6.91,-37.45
33244 - A:3.47,-1.08,8.63
33244 - G:0.42,0.63,0.44
33245 - t:29.42
33261 - T:28.10
33261 - P:102254.00
33341 - M:20.36,-8.91,-36.63
33344 - A:3.19,-0.33,8.08
33344 - G:0.69,0.71,0.31
33345 - t:29.38
33361 - T:28.09
33361 - P:102253.00
33392 - R: 96cf6cbc20db4fe7f2e96930e41169c6fceb3bc828f5f55c88b842d4e7629fbe
33441 - M:21.91,-10.73,-36.02
33445 - A:1.67,-1.06,7.22
33445 - G:0.43,0.62,0.20
33445 - t:29.37
33461 - T:28.08
33461 - P:102255.00
33541 - M:24.36,-11.45,-34.59
33544 - A:1.63,0.14,7.73
33544 - G:0.18,0.05,-1.18
33545 - t:29.36
33561 - T:28.07
33561 - P:102252.00
33641 - M:24.09,-10.09,-34.08
33644 - A:2.15,0.43,6.79
33644 - G:1.21,1.17,-1.69
33645 - t:29.32
33661 - T:28.05
33661 - P:102258.00
33741 - M:25.09,-10.00,-32.45
33744 - A:0.84,0.97,8.00
33745 - G:0.50,0.17,-2.03
33745 - t:29.33
33761 - T:28.02
33761 - P:102253.00
33841 - M:24.27,-8.00,-31.22
33844 - A:0.57,2.37,7.57
33845 - G:0.25,-0.34,-1.12
33845 - t:29.27
33861 - T:27.99
33861 - P:102254.00
33912 - R: 17c1784d54f0a139c2877aaed1451cd040afd6b5142113c8b0c4e0f2ee407674
33941 - M:23.09,-7.36,-31.73
33945 - A:-0.41,4.14,8.37
33945 - G:1.36,-0.44,-1.27
33945 - t:29.26
33961 - T:27.96
33961 - P:102253.00
34041 - M:20.00,-7.00,-33.16
34044 - A:-0.57,3.77,9.71
34045 - G:0.25,-0.76,-0.56
34045 - t:29.23
34060 - T:27.93
34060 - P:102251.00
34141 - M:16.36,-4.36,-33.88
34144 - A:1.05,3.03,9.33
34144 - G:0.98,-0.23,-1.01
34144 - t:29.22
34161 - T:27.89
34161 - P:102253.00
34241 - M:10.18,-3.27,-35.41
34244 - A:1.37,4.36,7.35
34244 - G:0.28,-0.70,-1.42
34244 - t:29.19
34261 - T:27.85
34261 - P:102255.00
34341 - M:6.27,-2.00,-35.71
34344 - A:1.89,2.45,8.61
34344 - G:0.62,-0.85,-2.12
34344 - t:29.14
34361 - T:27.81
34361 - P:102251.00
34411 - R: b08234c7fd53231f77b8ee379fc6bfca31f79834abcfaefc81ae73fff519
34441 - M:-1.64,-4.45,-35.41
34445 - A:2.91,5.13,5.83
34445 - G:0.03,-1.14,-2.45
34445 - t:29.09
34462 - T:27.76
34462 - P:102252.00
34541 - M:-5.91,-4.64,-34.49
34544 - A:2.05,2.75,9.19
34544 - G:-0.47,-1.98,-2.72
34544 - t:29.05
34560 - T:27.70
34560 - P:102254.00
34641 - M:-11.55,-6.09,-32.14
34644 - A:2.97,2.63,6.94
34644 - G:0.20,-0.89,-1.51
34645 - t:29.00
34661 - T:27.65
34661 - P:102253.00
34741 - M:-16.73,-12.00,-29.08
34744 - A:2.43,4.42,6.33
34744 - G:-1.41,-2.18,-3.32
34744 - t:28.96
34761 - T:27.59
34761 - P:102252.00
34841 - M:-20.73,-16.09,-25.61
34844 - A:3.42,7.82,3.81
34845 - G:-0.83,-0.19,-1.95
34845 - t:28.92
34861 - T:27.54
34861 - P:102250.00
34911 - R: b2fc7f681bdbae8b32d153ed793d1462fde7a6ad449cd5e0a188b46447d091d0
34941 - M:-21.09,-22.55,-23.78
34945 - A:1.77,4.86,6.59
34945 - G:-0.05,-0.26,-2.67
34945 - t:28.88
34961 - T:27.49
34961 - P:102257.00
35041 - M:-19.55,-26.91,-23.06
35045 - A:0.53,6.30,7.04
35045 - G:-0.06,-0.42,-1.93
35045 - t:28.86
35059 - T:27.45
35059 - P:102250.00
35141 - M:-17.45,-32.91,-21.84
35144 - A:-0.46,6.54,7.22
35145 - G:-0.31,-0.51,-1.06
35145 - t:28.86
35161 - T:27.41
35161 - P:102252.00
35241 - M:-17.82,-33.55,-21.84
35244 - A:-0.06,5.66,7.21
35244 - G:0.10,-0.16,-0.30
35245 - t:28.80
35261 - T:27.37
35261 - P:102249.00
35341 - M:-18.09,-34.00,-20.92
35344 - A:0.94,5.37,7.17
35344 - G:0.15,0.18,0.11
35345 - t:28.81
35361 - T:27.35
35361 - P:102249.00
35411 - R: 9841a7f564a55e628576c5bcdc5942f1301b8666b141a47adfd6b1c5e9ba3879
35441 - M:-19.91,-31.82,-20.51
35445 - A:1.74,5.87,6.24
35445 - G:0.93,0.10,1.54
35445 - t:28.78
35461 - T:27.33
35461 - P:102253.00
35541 - M:-21.27,-30.73,-19.59
35545 - A:1.64,6.41,6.30
35545 - G:2.11,0.96,2.83
35545 - t:28.75
35559 - T:27.33
35559 - P:102253.00
35641 - M:-22.36,-26.00,-20.10
35644 - A:3.29,9.33,3.43
35644 - G:2.14,1.12,1.99
35645 - t:28.74
35661 - T:27.32
35661 - P:102253.00
35741 - M:-21.55,-24.18,-21.84
35744 - A:3.17,9.02,6.75
35744 - G:1.50,0.62,1.11
35745 - t:28.72
35761 - T:27.32
35761 - P:102251.00
35841 - M:-19.82,-26.00,-23.06
35845 - A:4.00,9.37,2.85
35845 - G:1.84,0.42,-0.02
35845 - t:28.71
35861 - T:27.32
35861 - P:102252.00
35911 - R: 4aa262a8397a164373fa91117e8ecaa81c627869285c80f538c8db23ef51ef3
35941 - M:-19.91,-27.82,-22.04
35945 - A:4.98,7.41,0.13
35945 - G:2.03,-0.23,0.81
35945 - t:28.68
35961 - T:27.32
35961 - P:102249.00
36041 - M:-22.73,-30.36,-16.12
36044 - A:5.84,7.55,-2.85
36045 - G:2.90,-0.84,0.56
36045 - t:28.68
36061 - T:27.31
36061 - P:102250.00
36141 - M:-24.36,-31.18,-11.22
36144 - A:5.89,6.36,-4.11
36145 - G:2.64,-0.92,1.14
36145 - t:28.64
36161 - T:27.30
36161 - P:102252.00
36241 - M:-25.45,-29.82,-5.92
36244 - A:6.22,5.27,-7.58
36244 - G:1.44,-1.50,1.09
36245 - t:28.61
36261 - T:27.28
36261 - P:102253.00
36341 - M:-27.09,-23.55,4.90
36344 - A:5.31,3.57,-9.04
36344 - G:1.73,-2.50,0.96
36345 - t:28.58
36361 - T:27.25
36361 - P:102252.00
36391 - R: 408a603b9b9618736e6eebb2b3c5ba469d273452994e232ebd348d3bd4c398
36441 - M:-25.64,-19.18,9.69
36445 - A:4.23,0.49,-11.91
36445 - G:0.95,-1.26,1.18
36445 - t:28.52
36461 - T:27.21
36461 - P:102251.00
36541 - M:-22.18,-10.73,13.98
36544 - A:3.52,0.83,-10.95
36545 - G:1.35,-1.80,1.02
36545 - t:28.48
36561 - T:27.18
36561 - P:102251.00
36641 - M:-19.27,-6.73,15.00
36644 - A:1.72,-2.89,-13.33
36644 - G:0.61,-1.35,0.84
36645 - t:28.44
36661 - T:27.14
36661 - P:102255.00
36741 - M:-15.18,-2.45,15.51
36744 - A:1.15,-2.26,-13.71
36744 - G:-0.90,-0.21,0.25
36745 - t:28.40
36761 - T:27.11
36761 - P:102252.00
36841 - M:-16.00,-4.82,16.63
36845 - A:2.02,1.10,-13.57
36845 - G:-3.76,1.09,-0.32
36845 - t:28.37
36861 - T:27.09
36861 - P:102251.00
36890 - R: c78735f8f76d72b7253554ab5742bd43fb464fe74758933b423734cab757b0
36941 - M:-17.91,-12.18,17.14
36945 - A:2.84,5.19,-9.98
36945 - G:-4.12,1.76,-0.35
36945 - t:28.38
36961 - T:27.07
36961 - P:102253.00
37041 - M:-22.45,-26.27,8.88
37044 - A:3.60,7.77,-7.32
37044 - G:-3.63,1.43,-0.11
37045 - t:28.35
37061 - T:27.05
37061 - P:102251.00
37141 - M:-23.73,-29.36,2.86
37144 - A:4.24,10.01,-2.89
37144 - G:-2.34,1.13,0.13
37145 - t:28.36
37161 - T:27.03
37161 - P:102253.00
37241 - M:-24.91,-30.64,-6.12
37244 - A:4.36,8.22,-1.41
37244 - G:-1.76,0.05,-0.90
37245 - t:28.34
37261 - T:27.02
37261 - P:102251.00
37341 - M:-23.91,-31.27,-7.96
37344 - A:3.53,9.55,-1.39
37344 - G:-1.51,-0.63,-0.83
37345 - t:28.35
37361 - T:27.00
37361 - P:102252.00
37410 - R: 1565ee7f55f4405aa6b0b2abbfa661387f97182ba4a1b4c74776b9060fac6
37441 - M:-23.55,-32.18,-10.41
37445 - A:3.39,8.87,0.86
37445 - G:-0.93,0.65,0.52
37445 - t:28.33
37461 - T:26.99
37461 - P:102250.00
37541 - M:-24.36,-31.09,-11.94
37544 - A:4.04,8.22,-0.42
37545 - G:-0.53,0.03,0.01
37545 - t:28.33
37561 - T:26.98
37561 - P:102252.00
37641 - M:-24.36,-30.82,-12.24
37644 - A:4.00,10.98,-0.01
37645 - G:1.07,-0.70,-0.66
37645 - t:28.30
37661 - T:26.97
37661 - P:102254.00
37741 - M:-23.91,-32.36,-11.94
37744 - A:2.28,9.64,5.05
37744 - G:0.83,1.61,0.08
37745 - t:28.27
37761 - T:26.95
37761 - P:102255.00
37841 - M:-23.82,-32.00,-12.55
37845 - A:2.22,12.20,0.84
37845 - G:-0.47,1.26,-2.58
37845 - t:28.25
37861 - T:26.94
37861 - P:102252.00
37910 - R: 9c3294fe53d0acf7b172934d264e58f95c4b6db714e451c08aca93b6772e3b63
37941 - M:-19.45,-34.91,-16.63
37945 - A:1.52,7.38,0.28
37945 - G:0.96,1.26,-0.27
37945 - t:28.24
37961 - T:26.92
37961 - P:102252.00
38041 - M:-16.27,-36.73,-17.96
38045 - A:-0.54,7.05,1.07
38045 - G:-2.64,1.63,-2.28
38045 - t:28.21
38061 - T:26.91
38061 - P:102254.00
38141 - M:-5.27,-35.55,-26.84
38144 - A:-4.13,6.26,3.03
38144 - G:-0.40,2.62,-1.49
38145 - t:28.21
38161 - T:26.89
38161 - P:102256.00
38241 - M:-2.36,-33.18,-28.57
38244 - A:-5.98,5.66,5.16
38244 - G:-2.15,1.09,0.12
38244 - t:28.17
38261 - T:26.87
38261 - P:102256.00
38341 - M:0.45,-22.09,-34.08
38344 - A:-5.86,4.14,5.95
38344 - G:-3.27,1.11,0.24
38344 - t:28.16
38362 - T:26.86
38362 - P:102254.00
38410 - R: 42212262696a495ec175fbc9d96cbf9abbdf0218fcb5c6431380eff195a1
38441 - M:1.09,-13.82,-35.00
38445 - A:-6.11,0.97,5.71
38445 - G:-3.74,1.03,0.62
38445 - t:28.15
38462 - T:26.84
38462 - P:102254.00
38541 - M:2.73,-5.64,-33.98
38544 - A:-7.37,-1.70,5.70
38544 - G:-1.90,1.21,-0.56
38544 - t:28.16
38561 - T:26.83
38561 - P:102256.00
38641 - M:7.09,3.45,-31.53
38644 - A:-7.42,-2.43,2.08
38644 - G:-1.75,1.26,-1.13
38644 - t:28.13
38660 - T:26.82
38660 - P:102253.00
38741 - M:9.45,7.55,-30.10
38744 - A:-8.27,-3.17,1.60
38744 - G:-1.42,2.17,-0.96
38744 - t:28.12
38760 - T:26.80
38760 - P:102254.00
38841 - M:13.18,14.09,-24.80
38844 - A:-8.35,-4.83,-0.20
38844 - G:-0.82,1.40,-0.30
38844 - t:28.10
38861 - T:26.79
38861 - P:102254.00
38910 - R: a721e0224c59a08338b421ef80cf43e7381e7002d5adaa8ab365c888d0d29
38941 - M:14.27,15.27,-23.16
38945 - A:-8.21,-5.33,-0.82
38945 - G:-0.62,0.92,-0.08
38945 - t:28.08
38961 - T:26.79
38961 - P:102256.00
39041 - M:15.36,16.18,-21.94
39044 - A:-8.19,-5.57,-2.39
39044 - G:0.42,-0.13,-0.04
39045 - t:28.06
39061 - T:26.78
39061 - P:102257.00
39141 - M:15.36,15.00,-23.67
39144 - A:-8.37,-5.55,-0.35
39144 - G:1.67,-0.35,-0.18
39145 - t:28.04
39161 - T:26.78
39161 - P:102255.00
39241 - M:14.00,11.09,-28.06
39244 - A:-10.24,-6.25,2.12
39244 - G:4.13,-4.32,2.74
39245 - t:28.02
39261 - T:26.77
39261 - P:102251.00
39341 - M:2.55,-8.45,-35.92
39344 - A:-6.23,-1.30,4.17
39344 - G:1.10,-3.10,1.09
39345 - t:27.99
39361 - T:26.75
39361 - P:102256.00
39409 - R: 3fb0ec5d43b1dcd8dc96c87ea180701eb0ca3f9933f951f639ebae42e695b1
39441 - M:-1.91,-10.64,-35.82
39445 - A:-3.56,0.99,4.88
39445 - G:2.52,-2.55,-0.80
39445 - t:27.95
39461 - T:26.72
39461 - P:102255.00
39541 - M:-12.36,-18.00,-32.86
39545 - A:-0.93,4.57,4.57
39545 - G:3.04,-2.25,1.85
39545 - t:27.91
39559 - T:26.69
39559 - P:102254.00
39641 - M:-15.73,-21.64,-29.90
39644 - A:-1.06,1.61,11.48
39645 - G:0.47,-0.08,1.90
39645 - t:27.91
39661 - T:26.66
39661 - P:102255.00
39741 - M:-20.18,-21.36,-27.14
39744 - A:1.86,5.47,4.57
39745 - G:-0.28,-2.01,0.30
39745 - t:27.88
39761 - T:26.63
39761 - P:102252.00
39841 - M:-23.27,-19.55,-25.10
39845 - A:3.36,3.81,7.53
39845 - G:0.00,-1.64,0.54
39845 - t:27.84
39861 - T:26.61
39861 - P:102255.00
39909 - R: 7286e91ff333fe40b87e1a24d41a4c89a19dd7a7228bbe8eed96541e39951741
39941 - M:-28.55,-13.91,-19.69
39945 - A:4.54,3.47,5.92
39945 - G:-0.45,-1.34,1.46
39945 - t:27.82
39961 - T:26.58
39961 - P:102249.00
40041 - M:-30.82,-8.82,-16.84
40045 - A:5.76,1.03,8.77
40045 - G:-1.93,-0.74,0.40
40045 - t:27.79
40059 - T:26.56
40059 - P:102251.00
40141 - M:-31.73,-4.82,-12.65
40144 - A:7.27,-0.39,4.19
40144 - G:-2.00,-1.14,0.25
40145 - t:27.79
40161 - T:26.54
40161 - P:102251.00
40241 - M:-32.91,-0.55,-4.18
40244 - A:7.64,-1.25,5.10
40244 - G:-1.03,-0.41,-0.23
40245 - t:27.75
40261 - T:26.53
40261 - P:102253.00
40341 - M:-33.09,-0.09,-1.63
40344 - A:8.45,-3.15,3.68
40344 - G:1.04,-0.60,0.18
40345 - t:27.76
40361 - T:26.51
40361 - P:102256.00
40409 - R: da70636ef1e6304cd187b4c5cc65cf69f2838ea43237f58b41de85a3aef3e88
40441 - M:-33.45,0.18,0.82
40445 - A:8.40,0.39,2.54
40445 - G:0.22,-1.64,0.36
40445 - t:27.77
40461 - T:26.51
40461 - P:102253.00
40541 - M:-32.18,2.91,4.18
40544 - A:8.89,-2.64,3.80
40545 - G:0.84,0.49,0.60
40545 - t:27.75
40561 - T:26.51
40561 - P:102251.00
40641 - M:-31.09,7.00,1.12
40644 - A:8.73,-1.57,3.22
40644 - G:0.75,-0.31,0.37
40645 - t:27.74
40661 - T:26.50
40661 - P:102256.00
40741 - M:-30.36,9.09,1.63
40744 - A:9.32,-1.96,2.67
40744 - G:0.25,0.15,0.55
40745 - t:27.74
40761 - T:26.49
40761 - P:102255.00
40841 - M:-29.73,10.09,1.12
40845 - A:8.65,-2.85,-0.81
40845 - G:3.85,0.80,-0.61
40845 - t:27.74
40861 - T:26.49
40861 - P:102254.00
40909 - R: 6a9697119f148bec81f4ee9ec92357ae2b7f551ed8d5554fa762593e35661a7
40941 - M:-31.27,5.82,-6.53
40945 - A:8.15,-1.93,3.13
40945 - G:1.70,0.36,-0.63
40945 - t:27.74
40961 - T:26.49
40961 - P:102252.00
41041 - M:-32.18,2.55,-10.00
41044 - A:7.41,1.61,3.56
41045 - G:-0.03,0.34,-0.25
41045 - t:27.72
41061 - T:26.48
41061 - P:102252.00
41141 - M:-32.27,-6.18,-14.18
41144 - A:8.01,4.83,3.58
41144 - G:0.41,-0.29,-0.35
41145 - t:27.70
41161 - T:26.48
41161 - P:102255.00
41241 - M:-31.55,-7.82,-15.41
41244 - A:8.00,3.76,4.61
41245 - G:0.69,-0.39,-0.60
41245 - t:27.69
41261 - T:26.47
41261 - P:102255.00
41341 - M:-32.09,-12.64,-13.27
41344 - A:7.23,4.55,3.54
41344 - G:1.67,-1.11,-0.61
41345 - t:27.68
41361 - T:26.46
41361 - P:102255.00
41409 - R: 3b10b542eab1302fa6f30bcb7f6c7627c0e63a64a956f6803d6a91f8db9f
41441 - M:-32.00,-11.00,-13.27
41445 - A:6.34,0.13,7.56
41445 - G:0.73,0.69,0.80
41445 - t:27.67
41461 - T:26.44
41461 - P:102253.00
41541 - M:-32.27,-10.27,-10.20
41544 - A:7.43,6.05,2.74
41544 - G:1.49,-1.69,-0.03
41545 - t:27.65
41561 - T:26.43
41561 - P:102253.00
41641 - M:-33.09,-9.73,-3.57
41644 - A:7.91,4.42,-0.59
41644 - G:1.87,-0.93,3.84
41645 - t:27.62
41661 - T:26.40
41661 - P:102257.00
41741 - M:-32.00,-4.09,-2.96
41744 - A:9.44,2.52,-4.05
41744 - G:1.85,-1.71,1.50
41745 - t:27.61
41761 - T:26.38
41761 - P:102254.00
41841 - M:-29.64,3.18,-2.76
41845 - A:8.94,-0.34,-2.49
41845 - G:1.62,-3.51,1.46
41845 - t:27.62
41861 - T:26.36
41861 - P:102254.00
41908 - R: a4a26b9a368036d13278af5ecf971aa43a16bed1aa3a6c39d3d9827c36fbf732
41941 - M:-26.91,6.82,3.67
41945 - A:7.62,-1.95,-11.28
41945 - G:1.11,-4.14,0.56
41945 - t:27.60
41961 - T:26.34
41961 - P:102257.00
42041 - M:-16.64,10.91,15.31
42044 - A:3.17,-1.15,-9.22
42045 - G:-0.10,-3.36,0.10
42045 - t:27.60
42061 - T:26.32
42061 - P:102254.00
42141 - M:-10.73,10.36,19.39
42144 - A:1.14,-0.67,-11.31
42145 - G:-0.43,-2.51,0.16
42145 - t:27.54
42161 - T:26.29
42161 - P:102253.00
42241 - M:-2.73,9.91,21.73
42244 - A:0.21,-0.72,-12.34
42244 - G:-0.48,-1.40,0.27
42245 - t:27.54
42261 - T:26.27
42261 - P:102255.00
42341 - M:0.27,9.36,22.14
42344 - A:-1.44,-0.00,-11.14
42345 - G:-0.28,-1.14,0.29
42345 - t:27.53
42361 - T:26.24
42361 - P:102254.00
42408 - R: dc935081f1f915c691f4a3dfaae1be30a5c8971414d5b75175f280eadb7c3cc8
42441 - M:3.00,9.27,21.73
42445 - A:-2.14,0.54,-10.85
42445 - G:-0.28,-0.82,0.18
42445 - t:27.52
42461 - T:26.23
42461 - P:102252.00
42541 - M:5.64,9.00,21.84
42545 - A:-2.63,0.56,-11.11
42545 - G:-0.18,-0.28,0.07
42545 - t:27.50
42560 - T:26.21
42560 - P:102253.00
42641 - M:5.27,8.82,21.94
42644 - A:-1.86,-0.15,-12.98
42644 - G:-0.05,0.56,-0.14
42644 - t:27.49
42661 - T:26.20
42661 - P:102253.00
42741 - M:-1.55,8.45,23.06
42744 - A:-0.70,0.23,-11.81
42744 - G:0.20,4.41,-0.55
42744 - t:27.50
42761 - T:26.20
42761 - P:102254.00
42841 - M:-10.36,8.64,20.51
42844 - A:3.80,0.30,-9.67
42844 - G:0.42,4.25,0.31
42844 - t:27.49
42861 - T:26.19
42861 - P:102255.00
42908 - R: 3d45a46e87b64b539f8675a517054faf44aabbf13ea921621283ab9eaae0bb
42941 - M:-22.09,7.91,11.22
42945 - A:6.27,-0.15,-9.72
42945 - G:-0.14,4.56,-2.50
42945 - t:27.50
42962 - T:26.19
42962 - P:102253.00
43041 - M:-28.91,2.55,3.57
43044 - A:7.28,2.09,-1.83
43044 - G:0.02,2.38,-0.37
43044 - t:27.47
43060 - T:26.18
43060 - P:102255.00
43141 - M:-30.00,0.18,-6.94
43144 - A:10.17,2.64,-5.52
43144 - G:-0.27,2.85,-0.55
43144 - t:27.48
43160 - T:26.18
43160 - P:102252.00
43241 - M:-28.00,-1.09,-16.12
43244 - A:9.56,3.47,-0.19
43244 - G:-0.32,1.30,0.42
43244 - t:27.48
43261 - T:26.16
43261 - P:102255.00
43341 - M:-26.55,-0.18,-19.08
43344 - A:9.51,1.66,0.82
43344 - G:-0.33,0.60,0.28
43345 - t:27.46
43361 - T:26.15
43361 - P:102255.00
43408 - R: c9406def4b65ba2cf62e47301db31f3afde76cc6bcc3cb690b5cc88f94443a
43441 - M:-23.82,0.18,-23.16
43445 - A:9.41,2.28,2.37
43445 - G:1.55,0.34,0.00
43445 - t:27.47
43461 - T:26.13
43461 - P:102256.00
43541 - M:-23.36,-0.82,-24.80
43545 - A:9.03,-0.44,2.67
43545 - G:-0.18,-0.66,0.38
43545 - t:27.47
43559 - T:26.12
43559 - P:102254.00
43641 - M:-24.18,3.45,-21.43
43644 - A:9.39,0.34,2.34
43644 - G:-1.26,-1.66,0.11
43645 - t:27.44
43661 - T:26.12
43661 - P:102256.00
43741 - M:-25.82,4.82,-17.14
43744 - A:10.21,1.88,-0.73
43744 - G:-1.44,-1.25,-0.55
43745 - t:27.45
43761 - T:26.11
43761 - P:102257.00
43841 - M:-28.55,3.27,-10.31
43844 - A:9.58,0.99,-1.13
43845 - G:-0.61,-0.39,-1.48
43845 - t:27.44
43861 - T:26.10
43861 - P:102255.00
43908 - R: 7887c74dd71b268b6bb97ff2488af0cb3bcdb9d1705a309860147fb395a6e5
43941 - M:-30.36,0.09,-8.27
43945 - A:10.74,4.41,-9.20
43945 - G:-0.82,1.61,-0.98
43945 - t:27.42
43961 - T:26.09
43961 - P:102255.00
44041 - M:-29.09,-2.36,-12.65
44044 - A:9.73,2.69,-0.92
44045 - G:-0.77,1.60,0.24
44045 - t:27.43
44061 - T:26.07
44061 - P:102256.00
44141 - M:-24.82,-2.55,-21.43
44144 - A:7.69,2.15,1.05
44144 - G:0.00,3.60,1.27
44145 - t:27.42
44161 - T:26.06
44161 - P:102256.00
44241 - M:-18.00,-2.82,-29.18
44244 - A:4.62,4.10,7.71
44244 - G:1.19,3.84,-0.47
44245 - t:27.41
44261 - T:26.05
44261 - P:102256.00
44341 - M:-2.55,-5.09,-35.71
44344 - A:2.71,2.89,8.53
44344 - G:0.00,2.59,-0.42
44345 - t:27.39
44361 - T:26.05
44361 - P:102260.00
44408 - R: 5b2cdaf1d1282566e90fbb3a3af1dcb49368c5dd50bb7e26de59629d6f6ba
44441 - M:3.09,-4.64,-35.10
44445 - A:0.91,5.59,9.45
44445 - G:-0.57,1.13,-0.36
44445 - t:27.38
44461 - T:26.04
44461 - P:102258.00
44541 - M:7.09,-5.55,-34.49
44544 - A:0.45,3.95,7.38
44545 - G:0.91,-0.70,0.21
44545 - t:27.36
44561 - T:26.03
44561 - P:102255.00
44641 - M:5.73,-9.82,-35.41
44644 - A:1.56,7.93,7.92
44645 - G:1.48,-1.65,0.97
44645 - t:27.36
44661 - T:26.02
44661 - P:102260.00
44741 - M:-6.82,-11.73,-35.51
44744 - A:4.06,3.46,5.46
44744 - G:-1.00,-3.69,0.34
44745 - t:27.34
44761 - T:26.01
44761 - P:102255.00
44841 - M:-13.64,-11.55,-32.76
44845 - A:6.54,4.83,3.67
44845 - G:0.28,-3.39,0.66
44845 - t:27.32
44861 - T:25.99
44861 - P:102255.00
44907 - R: 7eff1071ab933fcad3fd7515a6aac48d6c4bdaec25f8cc5d2d49d4ff05721
44941 - M:-21.18,-10.27,-27.04
44945 - A:8.26,1.37,-2.36
44945 - G:-1.02,-4.77,0.40
44945 - t:27.30
44961 - T:25.97
44961 - P:102257.00
45041 - M:-30.64,-7.00,-7.55
45044 - A:9.53,4.71,-4.20
45045 - G:-0.57,-1.69,-0.55
45045 - t:27.27
45061 - T:25.94
45061 - P:102252.00
45141 - M:-31.09,-7.91,-4.29
45144 - A:9.63,5.96,-5.83
45144 - G:-1.21,1.20,0.82
45145 - t:27.27
45161 - T:25.91
45161 - P:102255.00
45241 - M:-29.73,-3.00,-11.73
45244 - A:8.41,2.50,0.69
45244 - G:-1.11,1.37,1.64
45245 - t:27.26
45261 - T:25.90
45261 - P:102255.00
45341 - M:-28.64,0.18,-13.06
45344 - A:6.52,-2.75,1.70
45344 - G:0.25,0.43,-2.17
45345 - t:27.26
45361 - T:25.88
45361 - P:102256.00
45407 - R: eea6dbfc81c2d94f274623d3685f7df4198dcdc6ac46036512f114c7afc14
45441 - M:-30.00,-4.45,-8.78
45445 - A:3.95,-1.23,-5.87
45445 - G:-3.01,-2.78,1.47
45445 - t:27.24
45461 - T:25.86
45461 - P:102257.00
45541 - M:-28.82,-5.91,-13.47
45544 - A:5.21,1.45,-0.76
45544 - G:-2.78,-4.70,1.31
45545 - t:27.22
45561 - T:25.84
45561 - P:102254.00
45641 - M:-30.09,-3.91,-9.08
45644 - A:6.87,-4.82,-11.38
45644 - G:-2.42,-3.10,-0.14
45645 - t:27.19
45661 - T:25.82
45661 - P:102252.00
45741 - M:-29.45,-5.55,-10.92
45744 - A:8.88,1.37,-13.74
45745 - G:-1.08,-3.45,-0.14
45745 - t:27.19
45761 - T:25.80
45761 - P:102254.00
45841 - M:-29.64,-7.00,-10.51
45845 - A:7.25,2.81,-13.26
45845 - G:-2.09,-2.50,1.10
45845 - t:27.17
45861 - T:25.77
45861 - P:102252.00
45907 - R: 3c5adefc8ea039c2aa3d71f247e8927cc4391644b75fc5d71d6aa259f744f
45941 - M:-29.09,-5.18,-12.86
45945 - A:8.86,2.65,-7.23
45945 - G:-1.33,-4.32,0.14
45945 - t:27.15
45961 - T:25.75
45961 - P:102252.00
46041 - M:-29.00,-5.82,-12.35
46044 - A:8.89,4.82,-7.12
46044 - G:-0.72,-2.47,0.37
46045 - t:27.13
46061 - T:25.73
46061 - P:102255.00
46141 - M:-29.00,-5.45,-12.86
46144 - A:6.97,1.76,4.69
46144 - G:-0.95,-2.23,0.95
46145 - t:27.13
46161 - T:25.71
46161 - P:102255.00
46241 - M:-29.27,-5.45,-12.86
46244 - A:2.93,0.25,1.04
46244 - G:-2.19,-4.62,1.09
46245 - t:27.12
46261 - T:25.70
46261 - P:102256.00
46341 - M:-29.09,-4.91,-12.14
46344 - A:2.70,-0.89,2.90
46344 - G:-3.71,-6.13,1.53
46345 - t:27.09
46361 - T:25.69
46361 - P:102254.00
46407 - R: 1077f58678307076e4bb524ccafbdb32d4a4b7d35ce7c2f2d4d48313ed47b2b
46441 - M:-28.27,-8.18,-16.43
46445 - A:-1.25,0.56,-19.61
46445 - G:-5.35,-8.73,1.77
46445 - t:27.11
46461 - T:25.67
46461 - P:102248.00
46541 - M:-29.36,-5.73,-13.16
46544 - A:-0.48,0.76,-19.61
46545 - G:-6.39,-8.73,2.54
46545 - t:27.08
46561 - T:25.65
46561 - P:102251.00
46641 - M:-30.27,-5.91,-9.39
46644 - A:8.93,1.04,-19.61
46645 - G:-4.05,-7.17,1.03
46645 - t:27.07
46661 - T:25.62
46661 - P:102253.00
46741 - M:-28.91,-7.45,-14.80
46744 - A:11.24,0.52,-19.61
46745 - G:-1.56,-1.79,0.45
46745 - t:27.04
46761 - T:25.59
46761 - P:102257.00
46841 - M:-31.09,-3.91,-6.12
46844 - A:7.89,0.73,-18.79
46844 - G:0.29,-3.11,-0.65
46845 - t:27.02
46862 - T:25.56
46862 - P:102255.00
46906 - R: ec60329f6a387bf61f34d4546f917d4822cd6d961b19890df73f4d925cb69fe
46941 - M:-30.64,-6.27,-7.65
46945 - A:10.15,3.17,-3.01
46945 - G:-0.13,1.25,0.20
46945 - t:27.00
46962 - T:25.53
46962 - P:102256.00
47041 - M:-29.45,-3.00,-12.76
47044 - A:9.39,3.92,-0.43
47044 - G:0.11,0.70,0.46
47044 - t:26.99
47061 - T:25.51
47061 - P:102256.00
47141 - M:-28.91,-1.82,-15.20
47144 - A:8.69,2.48,2.69
47144 - G:-0.29,-0.45,0.41
47144 - t:26.99
47161 - T:25.50
47161 - P:102253.00
47241 - M:-28.55,-1.18,-14.80
47244 - A:9.33,3.60,-0.56
47244 - G:-0.01,-1.19,-0.03
47244 - t:26.99
47260 - T:25.48
47260 - P:102254.00
47341 - M:-29.91,-3.45,-12.76
47344 - A:11.08,6.32,-7.44
47344 - G:-0.59,0.52,0.64
47344 - t:26.98
47360 - T:25.47
47360 - P:102255.00
47406 - R: 78d74f2e9d72aa1ab41b981908e2c82c570e68b7217e5162915ad39b13e17e
47441 - M:-27.73,0.27,-16.73
47445 - A:6.43,1.63,-0.23
47445 - G:-2.23,5.17,2.46
47445 - t:26.97
47461 - T:25.46
47461 - P:102256.00
47541 - M:-7.91,12.18,-28.57
47544 - A:2.83,-7.65,14.29
47544 - G:-0.53,1.32,0.90
47544 - t:26.96
47561 - T:25.46
47561 - P:102260.00
47641 - M:-12.27,10.36,-27.35
47644 - A:-0.99,-2.17,2.36
47644 - G:1.03,-8.73,-4.90
47645 - t:26.92
47661 - T:25.44
47661 - P:102258.00
47741 - M:-27.73,-11.27,12.45
47744 - A:2.87,14.55,-19.61
47744 - G:-0.32,-7.42,-3.39
47745 - t:26.91
47761 - T:25.41
47761 - P:102255.00
47841 - M:-27.55,-11.73,13.27
47844 - A:6.19,12.94,-18.48
47845 - G:-0.84,6.40,3.68
47845 - t:26.86
47861 - T:25.39
47861 - P:102256.00
47906 - R: 2a6d9dd717d3e65f33fadbbda5d878e9743df9dc647e707ac6de969661c51e
47941 - M:-21.73,9.18,-21.22
47945 - A:0.62,-3.32,-0.02
47945 - G:-1.74,8.73,4.64
47945 - t:26.85
47961 - T:25.37
47961 - P:102255.00
48041 - M:-6.18,14.64,-26.63
48044 - A:1.64,-8.44,15.19
48045 - G:-0.88,3.09,1.32
48045 - t:26.84
48061 - T:25.34
48061 - P:102260.00
48141 - M:-6.36,14.00,-26.94
48144 - A:1.55,-5.38,7.92
48144 - G:2.58,-6.63,-4.79
48145 - t:26.82
48161 - T:25.32
48161 - P:102256.00
48241 - M:-30.09,-7.27,11.73
48244 - A:2.57,12.57,-19.40
48245 - G:-1.81,-5.92,-4.76
48245 - t:26.79
48261 - T:25.29
48261 - P:102251.00
48341 - M:-25.18,-14.45,18.37
48344 - A:4.89,16.83,-19.28
48345 - G:0.14,1.27,1.29
48345 - t:26.77
48361 - T:25.27
48361 - P:102255.00
48406 - R: d6c5f89c6fa06e61ad5a1046a8d78ecb10e1da212bb59dba3726a4eee6fb393
48441 - M:-31.45,1.27,-3.27
48445 - A:0.99,0.49,-1.57
48445 - G:0.39,8.73,4.40
48445 - t:26.79
48461 - T:25.25
48461 - P:102253.00
48541 - M:-19.55,11.45,-20.61
48544 - A:4.07,-5.18,5.53
48545 - G:-1.63,5.37,2.21
48545 - t:26.77
48561 - T:25.24
48561 - P:102257.00
48641 - M:-7.82,15.64,-23.16
48644 - A:2.71,-7.45,14.82
48644 - G:1.30,-5.16,-1.79
48645 - t:26.75
48661 - T:25.22
48661 - P:102258.00
48741 - M:-25.18,8.36,-15.51
48744 - A:0.01,-0.08,-0.64
48744 - G:-0.60,-8.73,-4.30
48745 - t:26.73
48761 - T:25.20
48761 - P:102257.00
48841 - M:-30.91,-4.64,9.08
48845 - A:1.60,11.14,-11.17
48845 - G:-3.84,-1.81,-5.18
48845 - t:26.70
48861 - T:25.17
48861 - P:102257.00
48906 - R: afb6c5de7a33d78af24ecfc6a8fff71e54cd2b41512d38949924ddc1fdd5345
48941 - M:-22.91,-26.64,17.86
48945 - A:2.45,17.46,-13.58
48945 - G:1.00,4.28,4.55
48945 - t:26.70
48961 - T:25.15
48961 - P:102254.00
49041 - M:-32.55,-12.36,5.31
49044 - A:3.56,-0.50,-2.53
49045 - G:-1.99,5.77,6.63
49045 - t:26.67
49061 - T:25.13
49061 - P:102258.00
49141 - M:-16.09,16.73,-16.53
49144 - A:3.05,-7.12,6.64
49145 - G:-1.67,5.04,3.74
49145 - t:26.68
49161 - T:25.11
49161 - P:102259.00
49241 - M:-5.45,19.36,-17.24
49244 - A:4.49,-5.26,7.24
49245 - G:0.22,-0.46,-0.21
49245 - t:26.67
49260 - T:25.10
49260 - P:102257.00
49341 - M:-8.00,17.91,-19.18
49344 - A:5.80,-3.80,6.12
49345 - G:0.83,-1.88,-1.09
49345 - t:26.68
49360 - T:25.09
49360 - P:102259.00
49406 - R: defaf43ba3aa2fd7a380f47cb45534426fe7fd2f4b80fda5f1eead39296bbf31
49441 - M:-13.18,16.09,-19.80
49445 - A:6.82,-1.24,3.83
49445 - G:0.06,-3.75,-1.77
49445 - t:26.66
49461 - T:25.09
49461 - P:102259.00
49541 - M:-23.36,12.91,-9.49
49545 - A:8.97,0.72,0.62
49545 - G:0.50,-3.98,-0.60
49545 - t:26.63
49560 - T:25.08
49560 - P:102260.00
49641 - M:-22.64,13.36,-9.69
49645 - A:9.83,1.67,1.94
49645 - G:1.02,-0.84,-0.12
49645 - t:26.66
49661 - T:25.08
49661 - P:102260.00
49741 - M:-22.55,13.27,-11.43
49745 - A:9.35,-0.12,2.69
49745 - G:0.01,0.36,0.10
49745 - t:26.65
49760 - T:25.07
49760 - P:102258.00
49841 - M:-19.18,13.36,-17.24
49845 - A:8.67,-1.37,3.75
49845 - G:0.46,2.36,0.63
49845 - t:26.64
49861 - T:25.07
49861 - P:102259.00
49905 - R: 192fd7f78265eaf4993438ec52d72267b9622afe4b285d8366e4549b1ab3c37
49941 - M:-15.36,13.09,-21.33
49945 - A:8.84,-0.79,4.06
49945 - G:0.16,0.41,0.06
49945 - t:26.66
49961 - T:25.07
49961 - P:102258.00
50041 - M:-14.64,13.36,-21.84
50045 - A:8.38,-1.86,3.63
50045 - G:-0.63,-0.23,-0.75
50045 - t:26.64
50060 - T:25.06
50060 - P:102255.00
50141 - M:-15.73,13.00,-21.02
50145 - A:8.47,-1.03,5.75
50145 - G:-0.66,-0.75,-0.71
50145 - t:26.64
50160 - T:25.06
50160 - P:102257.00
50241 - M:-19.82,13.09,-15.61
50245 - A:8.62,-0.62,1.55
50245 - G:-0.50,-0.67,-0.49
50245 - t:26.63
50260 - T:25.06
50260 - P:102256.00
50341 - M:-20.27,13.73,-13.88
50345 - A:9.65,-1.27,2.47
50345 - G:-0.29,0.89,0.10
50345 - t:26.61
50360 - T:25.05
50360 - P:102256.00
50405 - R: e0171de8756d699cbb1f625842777adc41a2fe5555b8873983459212c32
50441 - M:-19.27,13.55,-15.61
50445 - A:8.52,-2.23,3.01
50445 - G:0.18,0.44,0.35
50445 - t:26.62
50461 - T:25.04
50461 - P:102258.00
50541 - M:-15.91,15.09,-17.55
50544 - A:7.54,-3.10,5.28
50545 - G:0.21,-0.18,-0.44
50545 - t:26.62
50561 - T:25.04
50561 - P:102260.00
50641 - M:-16.45,14.09,-18.78
50644 - A:7.86,-1.49,3.81
50644 - G:0.07,-0.31,-0.66
50645 - t:26.59
50661 - T:25.04
50661 - P:102253.00
50741 - M:-18.18,13.09,-18.78
50744 - A:7.95,-0.72,4.36
50744 - G:0.09,0.08,-0.28
50745 - t:26.58
50761 - T:25.03
50761 - P:102258.00
50841 - M:-18.64,12.36,-18.57
50845 - A:8.27,1.58,5.36
50845 - G:2.35,-0.53,-1.18
50845 - t:26.60
50861 - T:25.02
50861 - P:102260.00
50905 - R: e02f11745c51c0559a5aeb8764a5d220492d9769cffe6dc6d24636da1d727
50942 - M:-20.18,7.36,-21.84
50945 - A:8.48,3.74,3.64
50945 - G:1.54,-0.67,-0.96
50945 - t:26.59
50961 - T:25.01
50961 - P:102258.00
51041 - M:-21.73,5.64,-21.84
51044 - A:8.67,0.29,2.11
51045 - G:0.30,-0.29,-3.01
51045 - t:26.57
51061 - T:25.00
51061 - P:102260.00
51141 - M:-27.27,-1.82,-17.24
51144 - A:8.78,1.92,1.07
51144 - G:-2.15,-1.42,-0.90
51144 - t:26.55
51161 - T:24.97
51161 - P:102259.00
51241 - M:-27.00,-1.82,-16.43
51244 - A:8.60,1.75,1.85
51244 - G:1.44,2.32,0.12
51244 - t:26.54
51262 - T:24.96
51262 - P:102261.00
51341 - M:-24.55,-1.73,-20.31
51344 - A:8.45,6.44,2.80
51344 - G:1.87,-0.18,1.46
51344 - t:26.53
51361 - T:24.94
51361 - P:102258.00
51405 - R: fdd51be74ac0dc2bc85c66f7112aa317a882746c85c8dd90a5cdf96aac9920
51441 - M:-19.00,3.45,-25.51
51445 - A:0.19,-11.26,13.80
51445 - G:-3.06,-8.73,-0.67
51445 - t:26.52
51462 - T:24.93
51462 - P:102258.00
51541 - M:-29.09,-1.09,-11.43
51544 - A:5.94,7.61,4.02
51544 - G:0.88,6.91,0.17
51544 - t:26.52
51560 - T:24.92
51560 - P:102262.00
51641 - M:-20.09,0.00,-24.80
51644 - A:6.11,0.43,4.56
51644 - G:-2.07,-3.85,0.57
51644 - t:26.50
51661 - T:24.90
51661 - P:102258.00
51741 - M:-23.82,2.09,-19.39
51744 - A:8.11,1.78,4.86
51744 - G:-0.77,0.46,-0.01
51744 - t:26.50
51761 - T:24.89
51761 - P:102261.00
51841 - M:-23.18,1.91,-20.20
51845 - A:7.05,3.61,7.77
51845 - G:-0.66,-0.04,-0.53
51845 - t:26.48
51859 - T:24.88
51859 - P:102260.00
51904 - R: b5284e25fd6a92022d55cee478e8b87f995e2c566c31f13193da5116fdad5
51941 - M:-25.18,3.91,-15.61
51945 - A:8.93,0.63,1.43
51945 - G:-0.37,0.59,0.05
51945 - t:26.51
51961 - T:24.87
51961 - P:102256.00
52041 - M:-24.36,4.91,-16.22
52044 - A:7.65,0.57,5.34
52045 - G:-0.42,0.23,0.69
52045 - t:26.48
52061 - T:24.85
52061 - P:102262.00
52141 - M:-22.64,7.55,-16.02
52144 - A:8.81,-0.65,3.60
52144 - G:-0.04,0.49,0.34
52145 - t:26.46
52161 - T:24.85
52161 - P:102259.00
52241 - M:-21.64,7.27,-17.24
52244 - A:7.12,0.54,4.74
52244 - G:-0.30,0.11,-0.17
52245 - t:26.46
52261 - T:24.84
52261 - P:102260.00
52341 - M:-21.91,6.36,-17.24
52344 - A:8.00,3.69,6.16
52344 - G:-0.91,0.26,0.40
52345 - t:26.45
52361 - T:24.84
52361 - P:102259.00
52404 - R: 4e1697e0f7db9956a430d65a5fb4bb927e5fc2b4fa9da133e9e265e6a8b889a
52441 - M:-19.45,10.45,-15.92
52445 - A:6.49,-5.26,5.04
52445 - G:-0.27,0.92,-0.63
52445 - t:26.46
52461 - T:24.84
52461 - P:102260.00
52541 - M:-20.64,9.00,-14.69
52544 - A:6.64,2.75,5.75
52545 - G:-1.41,-1.03,0.70
52545 - t:26.44
52561 - T:24.83
52561 - P:102259.00
52641 - M:-18.73,13.09,-11.43
52644 - A:8.29,-6.99,4.77
52645 - G:-0.34,0.61,-0.32
52645 - t:26.47
52661 - T:24.83
52661 - P:102260.00
52741 - M:-21.27,10.18,-10.41
52744 - A:6.75,2.55,6.15
52744 - G:-0.67,-1.26,-0.23
52745 - t:26.43
52761 - T:24.83
52761 - P:102262.00
52841 - M:-20.27,12.91,-6.02
52845 - A:7.75,-4.28,3.35
52845 - G:-0.58,-1.06,0.17
52845 - t:26.44
52861 - T:24.82
52861 - P:102258.00
52904 - R: c68b5db917980ee24ef3c99072360a83fc7dd93b8b7e9e98c4ab26ce79374
52941 - M:-20.73,13.45,-3.06
52945 - A:8.36,-2.54,2.61
52945 - G:-1.11,-2.00,0.88
52945 - t:26.41
52961 - T:24.82
52961 - P:102262.00
53041 - M:-18.55,15.45,6.12
53044 - A:8.94,-3.81,0.01
53045 - G:-0.47,-1.16,0.29
53045 - t:26.43
53061 - T:24.81
53061 - P:102260.00
53141 - M:-17.18,15.91,9.08
53144 - A:8.77,-4.77,0.66
53145 - G:-0.81,-1.48,0.61
53145 - t:26.42
53161 - T:24.80
53161 - P:102258.00
53241 - M:-12.18,16.55,15.71
53244 - A:9.05,-4.43,-2.11
53244 - G:0.03,-0.98,0.58
53245 - t:26.42
53261 - T:24.78
53261 - P:102259.00
53341 - M:-8.91,17.45,16.53
53344 - A:8.35,-5.50,-2.26
53344 - G:-0.08,-1.27,1.12
53345 - t:26.41
53361 - T:24.77
53361 - P:102260.00
53404 - R: 54d9916d6d1ccad58e171b85cc77674c42c2d65d357d149c2d68298193a3db
53441 - M:0.27,18.64,19.59
53445 - A:7.10,-6.50,-4.58
53445 - G:-0.15,-1.49,1.13
53445 - t:26.41
53461 - T:24.76
53461 - P:102259.00
53541 - M:5.00,18.64,20.31
53544 - A:6.36,-8.68,-4.07
53545 - G:0.15,-0.56,1.17
53545 - t:26.38
53561 - T:24.75
53561 - P:102260.00
53641 - M:8.73,18.18,19.69
53644 - A:5.88,-7.38,-5.05
53644 - G:0.46,-0.39,0.64
53645 - t:26.37
53661 - T:24.75
53661 - P:102255.00
53741 - M:13.55,18.36,18.16
53744 - A:4.69,-9.03,-2.73
53744 - G:0.35,-0.08,1.15
53745 - t:26.38
53761 - T:24.74
53761 - P:102261.00
53841 - M:16.27,18.00,17.76
53845 - A:4.54,-9.31,-3.13
53845 - G:0.14,-0.38,0.84
53845 - t:26.37
53861 - T:24.73
53861 - P:102259.00
53904 - R: eb4558d613a5bf3054728ef580f5f999199285e4811c5b57611ffbdd6cc652
53941 - M:22.73,17.00,16.84
53945 - A:2.41,-7.67,-5.26
53945 - G:-0.00,-1.59,-0.49
53945 - t:26.35
53961 - T:24.73
53961 - P:102258.00
54041 - M:25.64,16.82,16.02
54044 - A:1.39,-12.08,-2.68
54044 - G:0.72,0.72,2.86
54045 - t:26.34
54061 - T:24.72
54061 - P:102260.00
54141 - M:32.09,10.73,16.02
54144 - A:0.59,-8.23,-3.63
54144 - G:0.27,-1.14,0.21
54145 - t:26.35
54161 - T:24.71
54161 - P:102260.00
54241 - M:34.55,8.73,15.10
54244 - A:0.64,-10.87,-1.20
54244 - G:0.77,0.96,-0.66
54245 - t:26.30
54261 - T:24.71
54261 - P:102259.00
54341 - M:34.09,10.09,13.98
54344 - A:0.34,-12.06,-3.61
54344 - G:-0.18,-0.29,0.75
54345 - t:26.32
54361 - T:24.71
54361 - P:102259.00
54403 - R: e247fca934549ab794d7b3d4575b0a72fb94e9d9a236c876aa6afa678bda960
54441 - M:31.09,13.18,14.59
54445 - A:0.90,-10.02,-0.86
54445 - G:-0.92,-0.05,-1.91
54445 - t:26.31
54461 - T:24.70
54461 - P:102262.00
54541 - M:26.91,17.55,14.69
54544 - A:2.83,-10.48,-5.23
54544 - G:-0.46,1.07,-3.65
54545 - t:26.32
54561 - T:24.69
54561 - P:102262.00
54641 - M:4.00,26.27,11.84
54644 - A:6.01,-5.57,-0.89
54645 - G:0.31,0.90,-3.08
54645 - t:26.32
54661 - T:24.69
54661 - P:102261.00
54741 - M:-4.91,25.73,9.69
54744 - A:8.13,-6.51,-2.24
54744 - G:0.57,0.88,-1.19
54745 - t:26.31
54761 - T:24.68
54761 - P:102262.00
54841 - M:-18.09,21.55,1.33
54845 - A:7.79,-2.87,-0.79
54845 - G:1.22,2.00,-3.74
54845 - t:26.31
54861 - T:24.68
54861 - P:102260.00
54903 - R: 24ef619c481cfb1d2201e324f4a2a3cda5eb5796c1298f80562ea28b4060
54941 - M:-25.36,14.27,-6.02
54945 - A:8.18,1.34,2.18
54945 - G:1.20,2.24,-1.66
54945 - t:26.30
54961 - T:24.67
54961 - P:102261.00
55041 - M:-26.82,2.18,-18.37
55044 - A:7.70,2.47,5.06
55044 - G:1.16,1.11,-1.57
55045 - t:26.30
55061 - T:24.67
55061 - P:102260.00
55141 - M:-26.64,-4.18,-21.53
55144 - A:6.41,3.81,3.85
55145 - G:1.49,1.41,-2.32
55145 - t:26.31
55161 - T:24.66
55161 - P:102261.00